<?xml version="1.0" encoding="UTF-8"?>
<robot generator="Robot 7.2.2 (Python 3.13.3 on win32)" generated="2025-05-17T16:05:16.655103" rpa="false" schemaversion="5">
<suite id="s1" name="Test Suites" source="E:\Rail Sheba App Automation Using Robot Framework\test_suites">
<suite id="s1-s1" name="Ticket Purchase" source="E:\Rail Sheba App Automation Using Robot Framework\test_suites\Ticket_Purchase.robot">
<test id="s1-s1-t1" name="Scenario: Verify that Station Search is Properly" line="15">
<kw name="Open app" owner="AppSetup">
<kw name="Open Application" owner="AppiumLibrary">
<arg>${REMOTE_URL}</arg>
<arg>platformName=${PLATFORM_NAME}</arg>
<arg>platformVersion=${PLATFORM_VERSION}</arg>
<arg>deviceName=${DEVICE_NAME}</arg>
<arg>app=${APP}</arg>
<arg>newCommandTimeout=${NEW_COMMAND_TIMEOUT}</arg>
<arg>uiautomator2ServerLaunchTimeout=${SERVER_LAUNCH_TIMEOUT}</arg>
<arg>uiautomator2ServerInstallTimeout=${SERVER_INSTALL_TIMEOUT}</arg>
<arg>appPackage=${APP_PACKAGE}</arg>
<arg>appActivity=${APP_ACTIVITY}</arg>
<doc>Opens a new application to given Appium server.
Capabilities of appium server, Android and iOS,
Please check https://appium.io/docs/en/2.1/cli/args/
| *Option*            | *Man.* | *Description*     |
| remote_url          | Yes    | Appium server url |
| alias               | no     | alias             |
| strict_ssl          | No     | allows you to send commands to an invalid certificate host like a self-signed one. |</doc>
<status status="PASS" start="2025-05-17T16:05:16.953026" elapsed="18.677215"/>
</kw>
<status status="PASS" start="2025-05-17T16:05:16.952539" elapsed="18.677972"/>
</kw>
<kw name="Click on Disclimer I Agree" owner="Ticket_Purchase">
<kw name="Wait Until Element Is Visible" owner="AppiumLibrary">
<msg time="2025-05-17T16:05:42.210363" level="INFO">xpath criteria: //android.widget.Button[@text="I AGREE"]
xpath criteria: //android.widget.Button[@text="I AGREE"]
xpath criteria: //android.widget.Button[@text="I AGREE"]
xpath criteria: //android.widget.Button[@text="I AGREE"]</msg>
<arg>${I_Agree}</arg>
<doc>Waits until element specified with `locator` is visible.</doc>
<status status="PASS" start="2025-05-17T16:05:35.631830" elapsed="6.578773"/>
</kw>
<kw name="Click Element" owner="AppiumLibrary">
<msg time="2025-05-17T16:05:42.213859" level="INFO">Clicking element 'xpath=//android.widget.Button[@text="I AGREE"]'.</msg>
<msg time="2025-05-17T16:05:42.562717" level="INFO">xpath criteria: //android.widget.Button[@text="I AGREE"]</msg>
<arg>${I_Agree}</arg>
<doc>Click element identified by `locator`.</doc>
<status status="PASS" start="2025-05-17T16:05:42.210848" elapsed="0.352198"/>
</kw>
<status status="PASS" start="2025-05-17T16:05:35.631386" elapsed="6.932084"/>
</kw>
<kw name="Click on From Select Station" owner="Ticket_Purchase">
<kw name="Wait Until Element Is Visible" owner="AppiumLibrary">
<msg time="2025-05-17T16:05:43.623276" level="INFO">xpath criteria: //android.widget.TextView[@text="Select Station"]
xpath criteria: //android.widget.TextView[@text="Select Station"]</msg>
<arg>${From_Select_Station}</arg>
<doc>Waits until element specified with `locator` is visible.</doc>
<status status="PASS" start="2025-05-17T16:05:42.566116" elapsed="1.057409"/>
</kw>
<kw name="Click Element" owner="AppiumLibrary">
<msg time="2025-05-17T16:05:43.627029" level="INFO">Clicking element 'xpath=//android.widget.TextView[@text="Select Station"]'.</msg>
<msg time="2025-05-17T16:05:44.141692" level="INFO">xpath criteria: //android.widget.TextView[@text="Select Station"]</msg>
<arg>${From_Select_Station}</arg>
<doc>Click element identified by `locator`.</doc>
<status status="PASS" start="2025-05-17T16:05:43.624046" elapsed="0.517806"/>
</kw>
<status status="PASS" start="2025-05-17T16:05:42.564858" elapsed="1.577133"/>
</kw>
<kw name="Click on From Search Station Input From Station" owner="Ticket_Purchase">
<kw name="Sleep" owner="BuiltIn">
<msg time="2025-05-17T16:05:45.146206" level="INFO">Slept 1 second.</msg>
<arg>1s</arg>
<doc>Pauses the test executed for the given time.</doc>
<status status="PASS" start="2025-05-17T16:05:44.144942" elapsed="1.001548"/>
</kw>
<kw name="Click Element" owner="AppiumLibrary">
<msg time="2025-05-17T16:05:45.148585" level="INFO">Clicking element 'xpath=//android.widget.EditText'.</msg>
<msg time="2025-05-17T16:05:45.488111" level="INFO">xpath criteria: //android.widget.EditText</msg>
<arg>${Search_Station}</arg>
<doc>Click element identified by `locator`.</doc>
<status status="PASS" start="2025-05-17T16:05:45.146790" elapsed="0.341714"/>
</kw>
<kw name="Wait Until Element Is Visible" owner="AppiumLibrary">
<msg time="2025-05-17T16:05:45.820632" level="INFO">xpath criteria: //android.widget.EditText</msg>
<arg>${Search_Station}</arg>
<doc>Waits until element specified with `locator` is visible.</doc>
<status status="PASS" start="2025-05-17T16:05:45.489209" elapsed="0.332018"/>
</kw>
<kw name="Input Text" owner="AppiumLibrary">
<msg time="2025-05-17T16:05:45.824019" level="INFO">Typing text 'Dhaka' into text field 'xpath=//android.widget.EditText'</msg>
<msg time="2025-05-17T16:05:46.273520" level="INFO">xpath criteria: //android.widget.EditText</msg>
<arg>${Search_Station}</arg>
<arg>${Input_From_Station}</arg>
<doc>Types the given `text` into text field identified by `locator`.</doc>
<status status="PASS" start="2025-05-17T16:05:45.822123" elapsed="0.451753"/>
</kw>
<status status="PASS" start="2025-05-17T16:05:44.143151" elapsed="2.131074"/>
</kw>
<kw name="Click on From Station" owner="Ticket_Purchase">
<kw name="Click Element" owner="AppiumLibrary">
<msg time="2025-05-17T16:05:46.280923" level="INFO">Clicking element 'xpath=//android.widget.ListView/android.view.View[1]'.</msg>
<msg time="2025-05-17T16:05:47.018975" level="INFO">xpath criteria: //android.widget.ListView/android.view.View[1]</msg>
<arg>${From_Station}</arg>
<doc>Click element identified by `locator`.</doc>
<status status="PASS" start="2025-05-17T16:05:46.277360" elapsed="0.741816"/>
</kw>
<status status="PASS" start="2025-05-17T16:05:46.275731" elapsed="0.743657"/>
</kw>
<kw name="Click on To Select Station" owner="Ticket_Purchase">
<kw name="Wait Until Element Is Visible" owner="AppiumLibrary">
<msg time="2025-05-17T16:05:48.303739" level="INFO">xpath criteria: //android.widget.TextView[@text="Select Station"]</msg>
<arg>${To_Select_Station}</arg>
<doc>Waits until element specified with `locator` is visible.</doc>
<status status="PASS" start="2025-05-17T16:05:47.021027" elapsed="1.282884"/>
</kw>
<kw name="Click Element" owner="AppiumLibrary">
<msg time="2025-05-17T16:05:48.307368" level="INFO">Clicking element 'xpath=//android.widget.TextView[@text="Select Station"]'.</msg>
<msg time="2025-05-17T16:05:48.725222" level="INFO">xpath criteria: //android.widget.TextView[@text="Select Station"]</msg>
<arg>${To_Select_Station}</arg>
<doc>Click element identified by `locator`.</doc>
<status status="PASS" start="2025-05-17T16:05:48.304218" elapsed="0.421102"/>
</kw>
<status status="PASS" start="2025-05-17T16:05:47.020230" elapsed="1.705193"/>
</kw>
<kw name="Click on To Search Station Input To Station" owner="Ticket_Purchase">
<kw name="Sleep" owner="BuiltIn">
<msg time="2025-05-17T16:05:49.728068" level="INFO">Slept 1 second.</msg>
<arg>1s</arg>
<doc>Pauses the test executed for the given time.</doc>
<status status="PASS" start="2025-05-17T16:05:48.726478" elapsed="1.002096"/>
</kw>
<kw name="Click Element" owner="AppiumLibrary">
<msg time="2025-05-17T16:05:49.731173" level="INFO">Clicking element 'xpath=//android.widget.EditText'.</msg>
<msg time="2025-05-17T16:05:50.011822" level="INFO">xpath criteria: //android.widget.EditText</msg>
<arg>${Search_Station}</arg>
<doc>Click element identified by `locator`.</doc>
<status status="PASS" start="2025-05-17T16:05:49.729006" elapsed="0.283029"/>
</kw>
<kw name="Wait Until Element Is Visible" owner="AppiumLibrary">
<msg time="2025-05-17T16:05:50.284164" level="INFO">xpath criteria: //android.widget.EditText</msg>
<arg>${Search_Station}</arg>
<doc>Waits until element specified with `locator` is visible.</doc>
<status status="PASS" start="2025-05-17T16:05:50.012353" elapsed="0.271945"/>
</kw>
<kw name="Input Text" owner="AppiumLibrary">
<msg time="2025-05-17T16:05:50.288184" level="INFO">Typing text 'Ashuganj' into text field 'xpath=//android.widget.EditText'</msg>
<msg time="2025-05-17T16:05:50.952995" level="INFO">xpath criteria: //android.widget.EditText</msg>
<arg>${Search_Station}</arg>
<arg>${Input_To_Station}</arg>
<doc>Types the given `text` into text field identified by `locator`.</doc>
<status status="PASS" start="2025-05-17T16:05:50.284846" elapsed="0.668291"/>
</kw>
<status status="PASS" start="2025-05-17T16:05:48.726094" elapsed="2.227196"/>
</kw>
<kw name="Click on To Station" owner="Ticket_Purchase">
<kw name="Click Element" owner="AppiumLibrary">
<msg time="2025-05-17T16:05:50.960878" level="INFO">Clicking element 'xpath=//android.widget.ListView/android.view.View'.</msg>
<msg time="2025-05-17T16:05:51.712546" level="INFO">xpath criteria: //android.widget.ListView/android.view.View</msg>
<arg>${To_Station}</arg>
<doc>Click element identified by `locator`.</doc>
<status status="PASS" start="2025-05-17T16:05:50.955027" elapsed="0.757769"/>
</kw>
<status status="PASS" start="2025-05-17T16:05:50.954244" elapsed="0.758760"/>
</kw>
<kw name="Click on Select Class" owner="Ticket_Purchase">
<kw name="Click Element" owner="AppiumLibrary">
<msg time="2025-05-17T16:05:51.718943" level="INFO">Clicking element 'xpath=//android.widget.TextView[@text="Select Class"]'.</msg>
<msg time="2025-05-17T16:05:52.974713" level="INFO">xpath criteria: //android.widget.TextView[@text="Select Class"]</msg>
<arg>${Select_Class}</arg>
<doc>Click element identified by `locator`.</doc>
<status status="PASS" start="2025-05-17T16:05:51.714879" elapsed="1.260342"/>
</kw>
<status status="PASS" start="2025-05-17T16:05:51.713679" elapsed="1.262258"/>
</kw>
<kw name="Click on a specific Class" owner="Ticket_Purchase">
<kw name="Wait Until Element Is Visible" owner="AppiumLibrary">
<msg time="2025-05-17T16:05:54.247503" level="INFO">xpath criteria: //android.widget.Button[@text="SNIGDHA"]
xpath criteria: //android.widget.Button[@text="SNIGDHA"]</msg>
<arg>${Specific_Class}</arg>
<doc>Waits until element specified with `locator` is visible.</doc>
<status status="PASS" start="2025-05-17T16:05:52.982281" elapsed="1.265557"/>
</kw>
<kw name="Click Element" owner="AppiumLibrary">
<msg time="2025-05-17T16:05:54.250890" level="INFO">Clicking element 'xpath=//android.widget.Button[@text="SNIGDHA"]'.</msg>
<msg time="2025-05-17T16:05:54.604832" level="INFO">xpath criteria: //android.widget.Button[@text="SNIGDHA"]</msg>
<arg>${Specific_Class}</arg>
<doc>Click element identified by `locator`.</doc>
<status status="PASS" start="2025-05-17T16:05:54.248549" elapsed="0.356368"/>
</kw>
<status status="PASS" start="2025-05-17T16:05:52.979982" elapsed="1.625022"/>
</kw>
<kw name="Click on Select Journey Date" owner="Ticket_Purchase">
<kw name="Wait Until Element Is Visible" owner="AppiumLibrary">
<msg time="2025-05-17T16:05:55.413845" level="INFO">xpath criteria: //android.widget.TextView[@text="Select Date"]
xpath criteria: //android.widget.TextView[@text="Select Date"]</msg>
<arg>${Select_Date}</arg>
<doc>Waits until element specified with `locator` is visible.</doc>
<status status="PASS" start="2025-05-17T16:05:54.605868" elapsed="0.808171"/>
</kw>
<kw name="Click Element" owner="AppiumLibrary">
<msg time="2025-05-17T16:05:55.417312" level="INFO">Clicking element 'xpath=//android.widget.TextView[@text="Select Date"]'.</msg>
<msg time="2025-05-17T16:05:55.807798" level="INFO">xpath criteria: //android.widget.TextView[@text="Select Date"]</msg>
<arg>${Select_Date}</arg>
<doc>Click element identified by `locator`.</doc>
<status status="PASS" start="2025-05-17T16:05:55.414415" elapsed="0.393566"/>
</kw>
<status status="PASS" start="2025-05-17T16:05:54.605523" elapsed="1.202608"/>
</kw>
<kw name="Click on a specific Date" owner="Ticket_Purchase">
<kw name="Wait Until Element Is Visible" owner="AppiumLibrary">
<msg time="2025-05-17T16:05:57.610768" level="INFO">xpath criteria: //android.widget.TextView[@text="27"]
xpath criteria: //android.widget.TextView[@text="27"]</msg>
<arg>${Specific_Date}</arg>
<doc>Waits until element specified with `locator` is visible.</doc>
<status status="PASS" start="2025-05-17T16:05:55.809234" elapsed="1.801769"/>
</kw>
<kw name="Click Element" owner="AppiumLibrary">
<msg time="2025-05-17T16:05:57.613473" level="INFO">Clicking element 'xpath=//android.widget.TextView[@text="27"]'.</msg>
<msg time="2025-05-17T16:05:58.209771" level="INFO">xpath criteria: //android.widget.TextView[@text="27"]</msg>
<arg>${Specific_Date}</arg>
<doc>Click element identified by `locator`.</doc>
<status status="PASS" start="2025-05-17T16:05:57.611480" elapsed="0.598751"/>
</kw>
<status status="PASS" start="2025-05-17T16:05:55.808856" elapsed="2.401982"/>
</kw>
<kw name="Click on Search Trains" owner="Ticket_Purchase">
<kw name="Wait Until Element Is Visible" owner="AppiumLibrary">
<msg time="2025-05-17T16:05:59.944167" level="INFO">xpath criteria: //android.widget.Button[@text="SEARCH TRAINS"]
xpath criteria: //android.widget.Button[@text="SEARCH TRAINS"]</msg>
<arg>${Search_Train}</arg>
<doc>Waits until element specified with `locator` is visible.</doc>
<status status="PASS" start="2025-05-17T16:05:58.213622" elapsed="1.730638"/>
</kw>
<kw name="Click Element" owner="AppiumLibrary">
<msg time="2025-05-17T16:05:59.945978" level="INFO">Clicking element 'xpath=//android.widget.Button[@text="SEARCH TRAINS"]'.</msg>
<msg time="2025-05-17T16:06:00.365426" level="INFO">xpath criteria: //android.widget.Button[@text="SEARCH TRAINS"]</msg>
<arg>${Search_Train}</arg>
<doc>Click element identified by `locator`.</doc>
<status status="PASS" start="2025-05-17T16:05:59.944416" elapsed="0.421391"/>
</kw>
<kw name="Sleep" owner="BuiltIn">
<msg time="2025-05-17T16:06:03.366892" level="INFO">Slept 3 seconds.</msg>
<arg>3s</arg>
<doc>Pauses the test executed for the given time.</doc>
<status status="PASS" start="2025-05-17T16:06:00.366034" elapsed="3.001091"/>
</kw>
<status status="PASS" start="2025-05-17T16:05:58.212809" elapsed="5.154643"/>
</kw>
<kw name="Close app" owner="AppSetup">
<kw name="Close Application" owner="AppiumLibrary">
<doc>Closes the current application and also close webdriver session.</doc>
<status status="PASS" start="2025-05-17T16:06:03.369246" elapsed="0.797534"/>
</kw>
<status status="PASS" start="2025-05-17T16:06:03.368276" elapsed="0.798880"/>
</kw>
<tag>ticket1</tag>
<status status="PASS" start="2025-05-17T16:05:16.951950" elapsed="47.216057"/>
</test>
<test id="s1-s1-t2" name="Scenario: Verify that Destination Modify is Properly" line="34">
<kw name="Open app" owner="AppSetup">
<kw name="Open Application" owner="AppiumLibrary">
<arg>${REMOTE_URL}</arg>
<arg>platformName=${PLATFORM_NAME}</arg>
<arg>platformVersion=${PLATFORM_VERSION}</arg>
<arg>deviceName=${DEVICE_NAME}</arg>
<arg>app=${APP}</arg>
<arg>newCommandTimeout=${NEW_COMMAND_TIMEOUT}</arg>
<arg>uiautomator2ServerLaunchTimeout=${SERVER_LAUNCH_TIMEOUT}</arg>
<arg>uiautomator2ServerInstallTimeout=${SERVER_INSTALL_TIMEOUT}</arg>
<arg>appPackage=${APP_PACKAGE}</arg>
<arg>appActivity=${APP_ACTIVITY}</arg>
<doc>Opens a new application to given Appium server.
Capabilities of appium server, Android and iOS,
Please check https://appium.io/docs/en/2.1/cli/args/
| *Option*            | *Man.* | *Description*     |
| remote_url          | Yes    | Appium server url |
| alias               | no     | alias             |
| strict_ssl          | No     | allows you to send commands to an invalid certificate host like a self-signed one. |</doc>
<status status="PASS" start="2025-05-17T16:06:04.173955" elapsed="16.237090"/>
</kw>
<status status="PASS" start="2025-05-17T16:06:04.173071" elapsed="16.238307"/>
</kw>
<kw name="Click on Disclimer I Agree" owner="Ticket_Purchase">
<kw name="Wait Until Element Is Visible" owner="AppiumLibrary">
<msg time="2025-05-17T16:06:25.895329" level="INFO">xpath criteria: //android.widget.Button[@text="I AGREE"]</msg>
<arg>${I_Agree}</arg>
<doc>Waits until element specified with `locator` is visible.</doc>
<status status="PASS" start="2025-05-17T16:06:20.413875" elapsed="5.482076"/>
</kw>
<kw name="Click Element" owner="AppiumLibrary">
<msg time="2025-05-17T16:06:25.898871" level="INFO">Clicking element 'xpath=//android.widget.Button[@text="I AGREE"]'.</msg>
<msg time="2025-05-17T16:06:26.289641" level="INFO">xpath criteria: //android.widget.Button[@text="I AGREE"]</msg>
<arg>${I_Agree}</arg>
<doc>Click element identified by `locator`.</doc>
<status status="PASS" start="2025-05-17T16:06:25.896322" elapsed="0.393730"/>
</kw>
<status status="PASS" start="2025-05-17T16:06:20.412294" elapsed="5.877899"/>
</kw>
<kw name="Click on From Select Station" owner="Ticket_Purchase">
<kw name="Wait Until Element Is Visible" owner="AppiumLibrary">
<msg time="2025-05-17T16:06:27.798698" level="INFO">xpath criteria: //android.widget.TextView[@text="Select Station"]
xpath criteria: //android.widget.TextView[@text="Select Station"]</msg>
<arg>${From_Select_Station}</arg>
<doc>Waits until element specified with `locator` is visible.</doc>
<status status="PASS" start="2025-05-17T16:06:26.291726" elapsed="1.507093"/>
</kw>
<kw name="Click Element" owner="AppiumLibrary">
<msg time="2025-05-17T16:06:27.800423" level="INFO">Clicking element 'xpath=//android.widget.TextView[@text="Select Station"]'.</msg>
<msg time="2025-05-17T16:06:28.340028" level="INFO">xpath criteria: //android.widget.TextView[@text="Select Station"]</msg>
<arg>${From_Select_Station}</arg>
<doc>Click element identified by `locator`.</doc>
<status status="PASS" start="2025-05-17T16:06:27.799040" elapsed="0.541105"/>
</kw>
<status status="PASS" start="2025-05-17T16:06:26.291083" elapsed="2.049176"/>
</kw>
<kw name="Click on From Search Station Input From Station" owner="Ticket_Purchase">
<kw name="Sleep" owner="BuiltIn">
<msg time="2025-05-17T16:06:29.342702" level="INFO">Slept 1 second.</msg>
<arg>1s</arg>
<doc>Pauses the test executed for the given time.</doc>
<status status="PASS" start="2025-05-17T16:06:28.341793" elapsed="1.001179"/>
</kw>
<kw name="Click Element" owner="AppiumLibrary">
<msg time="2025-05-17T16:06:29.346554" level="INFO">Clicking element 'xpath=//android.widget.EditText'.</msg>
<msg time="2025-05-17T16:06:30.569981" level="INFO">xpath criteria: //android.widget.EditText</msg>
<arg>${Search_Station}</arg>
<doc>Click element identified by `locator`.</doc>
<status status="PASS" start="2025-05-17T16:06:29.343709" elapsed="1.226530"/>
</kw>
<kw name="Wait Until Element Is Visible" owner="AppiumLibrary">
<msg time="2025-05-17T16:06:30.856949" level="INFO">xpath criteria: //android.widget.EditText</msg>
<arg>${Search_Station}</arg>
<doc>Waits until element specified with `locator` is visible.</doc>
<status status="PASS" start="2025-05-17T16:06:30.570820" elapsed="0.286673"/>
</kw>
<kw name="Input Text" owner="AppiumLibrary">
<msg time="2025-05-17T16:06:30.862253" level="INFO">Typing text 'Dhaka' into text field 'xpath=//android.widget.EditText'</msg>
<msg time="2025-05-17T16:06:31.121600" level="INFO">xpath criteria: //android.widget.EditText</msg>
<arg>${Search_Station}</arg>
<arg>${Input_From_Station}</arg>
<doc>Types the given `text` into text field identified by `locator`.</doc>
<status status="PASS" start="2025-05-17T16:06:30.858195" elapsed="0.263611"/>
</kw>
<status status="PASS" start="2025-05-17T16:06:28.341254" elapsed="2.780729"/>
</kw>
<kw name="Click on From Station" owner="Ticket_Purchase">
<kw name="Click Element" owner="AppiumLibrary">
<msg time="2025-05-17T16:06:31.126640" level="INFO">Clicking element 'xpath=//android.widget.ListView/android.view.View[1]'.</msg>
<msg time="2025-05-17T16:06:31.903397" level="INFO">xpath criteria: //android.widget.ListView/android.view.View[1]</msg>
<arg>${From_Station}</arg>
<doc>Click element identified by `locator`.</doc>
<status status="PASS" start="2025-05-17T16:06:31.123730" elapsed="0.779872"/>
</kw>
<status status="PASS" start="2025-05-17T16:06:31.123033" elapsed="0.780718"/>
</kw>
<kw name="Click on To Select Station" owner="Ticket_Purchase">
<kw name="Wait Until Element Is Visible" owner="AppiumLibrary">
<msg time="2025-05-17T16:06:33.321020" level="INFO">xpath criteria: //android.widget.TextView[@text="Select Station"]</msg>
<arg>${To_Select_Station}</arg>
<doc>Waits until element specified with `locator` is visible.</doc>
<status status="PASS" start="2025-05-17T16:06:31.905127" elapsed="1.415990"/>
</kw>
<kw name="Click Element" owner="AppiumLibrary">
<msg time="2025-05-17T16:06:33.322811" level="INFO">Clicking element 'xpath=//android.widget.TextView[@text="Select Station"]'.</msg>
<msg time="2025-05-17T16:06:33.760628" level="INFO">xpath criteria: //android.widget.TextView[@text="Select Station"]</msg>
<arg>${To_Select_Station}</arg>
<doc>Click element identified by `locator`.</doc>
<status status="PASS" start="2025-05-17T16:06:33.321283" elapsed="0.439700"/>
</kw>
<status status="PASS" start="2025-05-17T16:06:31.904683" elapsed="1.856643"/>
</kw>
<kw name="Click on To Search Station Input To Station" owner="Ticket_Purchase">
<kw name="Sleep" owner="BuiltIn">
<msg time="2025-05-17T16:06:34.765243" level="INFO">Slept 1 second.</msg>
<arg>1s</arg>
<doc>Pauses the test executed for the given time.</doc>
<status status="PASS" start="2025-05-17T16:06:33.763774" elapsed="1.001986"/>
</kw>
<kw name="Click Element" owner="AppiumLibrary">
<msg time="2025-05-17T16:06:34.768735" level="INFO">Clicking element 'xpath=//android.widget.EditText'.</msg>
<msg time="2025-05-17T16:06:35.089587" level="INFO">xpath criteria: //android.widget.EditText</msg>
<arg>${Search_Station}</arg>
<doc>Click element identified by `locator`.</doc>
<status status="PASS" start="2025-05-17T16:06:34.766155" elapsed="0.323591"/>
</kw>
<kw name="Wait Until Element Is Visible" owner="AppiumLibrary">
<msg time="2025-05-17T16:06:35.376964" level="INFO">xpath criteria: //android.widget.EditText</msg>
<arg>${Search_Station}</arg>
<doc>Waits until element specified with `locator` is visible.</doc>
<status status="PASS" start="2025-05-17T16:06:35.089885" elapsed="0.287267"/>
</kw>
<kw name="Input Text" owner="AppiumLibrary">
<msg time="2025-05-17T16:06:35.379336" level="INFO">Typing text 'Ashuganj' into text field 'xpath=//android.widget.EditText'</msg>
<msg time="2025-05-17T16:06:35.626775" level="INFO">xpath criteria: //android.widget.EditText</msg>
<arg>${Search_Station}</arg>
<arg>${Input_To_Station}</arg>
<doc>Types the given `text` into text field identified by `locator`.</doc>
<status status="PASS" start="2025-05-17T16:06:35.377417" elapsed="0.249529"/>
</kw>
<status status="PASS" start="2025-05-17T16:06:33.762608" elapsed="1.864600"/>
</kw>
<kw name="Click on To Station" owner="Ticket_Purchase">
<kw name="Click Element" owner="AppiumLibrary">
<msg time="2025-05-17T16:06:35.633489" level="INFO">Clicking element 'xpath=//android.widget.ListView/android.view.View'.</msg>
<msg time="2025-05-17T16:06:36.403363" level="INFO">xpath criteria: //android.widget.ListView/android.view.View</msg>
<arg>${To_Station}</arg>
<doc>Click element identified by `locator`.</doc>
<status status="PASS" start="2025-05-17T16:06:35.629144" elapsed="0.774523"/>
</kw>
<status status="PASS" start="2025-05-17T16:06:35.628138" elapsed="0.775864"/>
</kw>
<kw name="Click on Select Class" owner="Ticket_Purchase">
<kw name="Click Element" owner="AppiumLibrary">
<msg time="2025-05-17T16:06:36.407659" level="INFO">Clicking element 'xpath=//android.widget.TextView[@text="Select Class"]'.</msg>
<msg time="2025-05-17T16:06:37.456207" level="INFO">xpath criteria: //android.widget.TextView[@text="Select Class"]</msg>
<arg>${Select_Class}</arg>
<doc>Click element identified by `locator`.</doc>
<status status="PASS" start="2025-05-17T16:06:36.405372" elapsed="1.050935"/>
</kw>
<status status="PASS" start="2025-05-17T16:06:36.404823" elapsed="1.051618"/>
</kw>
<kw name="Click on a specific Class" owner="Ticket_Purchase">
<kw name="Wait Until Element Is Visible" owner="AppiumLibrary">
<msg time="2025-05-17T16:06:38.328902" level="INFO">xpath criteria: //android.widget.Button[@text="SNIGDHA"]
xpath criteria: //android.widget.Button[@text="SNIGDHA"]</msg>
<arg>${Specific_Class}</arg>
<doc>Waits until element specified with `locator` is visible.</doc>
<status status="PASS" start="2025-05-17T16:06:37.458665" elapsed="0.870343"/>
</kw>
<kw name="Click Element" owner="AppiumLibrary">
<msg time="2025-05-17T16:06:38.331282" level="INFO">Clicking element 'xpath=//android.widget.Button[@text="SNIGDHA"]'.</msg>
<msg time="2025-05-17T16:06:38.678397" level="INFO">xpath criteria: //android.widget.Button[@text="SNIGDHA"]</msg>
<arg>${Specific_Class}</arg>
<doc>Click element identified by `locator`.</doc>
<status status="PASS" start="2025-05-17T16:06:38.329188" elapsed="0.349334"/>
</kw>
<status status="PASS" start="2025-05-17T16:06:37.458011" elapsed="1.220618"/>
</kw>
<kw name="Click on Select Journey Date" owner="Ticket_Purchase">
<kw name="Wait Until Element Is Visible" owner="AppiumLibrary">
<msg time="2025-05-17T16:06:39.731949" level="INFO">xpath criteria: //android.widget.TextView[@text="Select Date"]
xpath criteria: //android.widget.TextView[@text="Select Date"]</msg>
<arg>${Select_Date}</arg>
<doc>Waits until element specified with `locator` is visible.</doc>
<status status="PASS" start="2025-05-17T16:06:38.679666" elapsed="1.052494"/>
</kw>
<kw name="Click Element" owner="AppiumLibrary">
<msg time="2025-05-17T16:06:39.735912" level="INFO">Clicking element 'xpath=//android.widget.TextView[@text="Select Date"]'.</msg>
<msg time="2025-05-17T16:06:40.177787" level="INFO">xpath criteria: //android.widget.TextView[@text="Select Date"]</msg>
<arg>${Select_Date}</arg>
<doc>Click element identified by `locator`.</doc>
<status status="PASS" start="2025-05-17T16:06:39.732573" elapsed="0.445534"/>
</kw>
<status status="PASS" start="2025-05-17T16:06:38.679231" elapsed="1.499293"/>
</kw>
<kw name="Click on a specific Date" owner="Ticket_Purchase">
<kw name="Wait Until Element Is Visible" owner="AppiumLibrary">
<msg time="2025-05-17T16:06:41.681222" level="INFO">xpath criteria: //android.widget.TextView[@text="27"]
xpath criteria: //android.widget.TextView[@text="27"]</msg>
<arg>${Specific_Date}</arg>
<doc>Waits until element specified with `locator` is visible.</doc>
<status status="PASS" start="2025-05-17T16:06:40.181558" elapsed="1.499931"/>
</kw>
<kw name="Click Element" owner="AppiumLibrary">
<msg time="2025-05-17T16:06:41.684467" level="INFO">Clicking element 'xpath=//android.widget.TextView[@text="27"]'.</msg>
<msg time="2025-05-17T16:06:42.464081" level="INFO">xpath criteria: //android.widget.TextView[@text="27"]</msg>
<arg>${Specific_Date}</arg>
<doc>Click element identified by `locator`.</doc>
<status status="PASS" start="2025-05-17T16:06:41.681924" elapsed="0.782301"/>
</kw>
<status status="PASS" start="2025-05-17T16:06:40.179808" elapsed="2.284547"/>
</kw>
<kw name="Click on Search Trains" owner="Ticket_Purchase">
<kw name="Wait Until Element Is Visible" owner="AppiumLibrary">
<msg time="2025-05-17T16:06:43.681831" level="INFO">xpath criteria: //android.widget.Button[@text="SEARCH TRAINS"]
xpath criteria: //android.widget.Button[@text="SEARCH TRAINS"]</msg>
<arg>${Search_Train}</arg>
<doc>Waits until element specified with `locator` is visible.</doc>
<status status="PASS" start="2025-05-17T16:06:42.465946" elapsed="1.216270"/>
</kw>
<kw name="Click Element" owner="AppiumLibrary">
<msg time="2025-05-17T16:06:43.686614" level="INFO">Clicking element 'xpath=//android.widget.Button[@text="SEARCH TRAINS"]'.</msg>
<msg time="2025-05-17T16:06:44.138842" level="INFO">xpath criteria: //android.widget.Button[@text="SEARCH TRAINS"]</msg>
<arg>${Search_Train}</arg>
<doc>Click element identified by `locator`.</doc>
<status status="PASS" start="2025-05-17T16:06:43.682439" elapsed="0.456526"/>
</kw>
<kw name="Sleep" owner="BuiltIn">
<msg time="2025-05-17T16:06:47.140251" level="INFO">Slept 3 seconds.</msg>
<arg>3s</arg>
<doc>Pauses the test executed for the given time.</doc>
<status status="PASS" start="2025-05-17T16:06:44.139138" elapsed="3.001564"/>
</kw>
<status status="PASS" start="2025-05-17T16:06:42.465620" elapsed="4.675438"/>
</kw>
<kw name="Click on Modify" owner="Ticket_Purchase">
<kw name="Wait Until Element Is Visible" owner="AppiumLibrary">
<msg time="2025-05-17T16:06:47.615936" level="INFO">xpath criteria: //android.widget.Button[@text="Modify"]</msg>
<arg>${Modify}</arg>
<doc>Waits until element specified with `locator` is visible.</doc>
<status status="PASS" start="2025-05-17T16:06:47.142473" elapsed="0.473702"/>
</kw>
<kw name="Click Element" owner="AppiumLibrary">
<msg time="2025-05-17T16:06:47.620197" level="INFO">Clicking element 'xpath=//android.widget.Button[@text="Modify"]'.</msg>
<msg time="2025-05-17T16:06:48.519847" level="INFO">xpath criteria: //android.widget.Button[@text="Modify"]</msg>
<arg>${Modify}</arg>
<doc>Click element identified by `locator`.</doc>
<status status="PASS" start="2025-05-17T16:06:47.616672" elapsed="0.903486"/>
</kw>
<status status="PASS" start="2025-05-17T16:06:47.141954" elapsed="1.378499"/>
</kw>
<kw name="Click on Modify To Select Station" owner="Ticket_Purchase">
<kw name="Wait Until Element Is Visible" owner="AppiumLibrary">
<msg time="2025-05-17T16:06:49.063146" level="INFO">xpath criteria: //android.widget.TextView[@text="Ashuganj"]</msg>
<arg>${Modified_To_Select_Station}</arg>
<doc>Waits until element specified with `locator` is visible.</doc>
<status status="PASS" start="2025-05-17T16:06:48.522406" elapsed="0.541095"/>
</kw>
<kw name="Click Element" owner="AppiumLibrary">
<msg time="2025-05-17T16:06:49.071303" level="INFO">Clicking element 'xpath=//android.widget.TextView[@text="Ashuganj"]'.</msg>
<msg time="2025-05-17T16:06:49.615523" level="INFO">xpath criteria: //android.widget.TextView[@text="Ashuganj"]</msg>
<arg>${Modified_To_Select_Station}</arg>
<doc>Click element identified by `locator`.</doc>
<status status="PASS" start="2025-05-17T16:06:49.064101" elapsed="0.551689"/>
</kw>
<status status="PASS" start="2025-05-17T16:06:48.521723" elapsed="1.094186"/>
</kw>
<kw name="Click on Modify To Search Station Input To Station" owner="Ticket_Purchase">
<kw name="Sleep" owner="BuiltIn">
<msg time="2025-05-17T16:06:50.619195" level="INFO">Slept 1 second.</msg>
<arg>1s</arg>
<doc>Pauses the test executed for the given time.</doc>
<status status="PASS" start="2025-05-17T16:06:49.618255" elapsed="1.001069"/>
</kw>
<kw name="Click Element" owner="AppiumLibrary">
<msg time="2025-05-17T16:06:50.620559" level="INFO">Clicking element 'xpath=//android.widget.EditText'.</msg>
<msg time="2025-05-17T16:06:50.981212" level="INFO">xpath criteria: //android.widget.EditText</msg>
<arg>${Modified_Search_Station}</arg>
<doc>Click element identified by `locator`.</doc>
<status status="PASS" start="2025-05-17T16:06:50.619481" elapsed="0.362023"/>
</kw>
<kw name="Wait Until Element Is Visible" owner="AppiumLibrary">
<msg time="2025-05-17T16:06:51.697817" level="INFO">xpath criteria: //android.widget.EditText</msg>
<arg>${Modified_Search_Station}</arg>
<doc>Waits until element specified with `locator` is visible.</doc>
<status status="PASS" start="2025-05-17T16:06:50.981879" elapsed="0.716235"/>
</kw>
<kw name="Input Text" owner="AppiumLibrary">
<msg time="2025-05-17T16:06:51.701160" level="INFO">Typing text 'Brahmanbaria' into text field 'xpath=//android.widget.EditText'</msg>
<msg time="2025-05-17T16:06:52.012258" level="INFO">xpath criteria: //android.widget.EditText</msg>
<arg>${Modified_Search_Station}</arg>
<arg>${Modified_Input_To_Station}</arg>
<doc>Types the given `text` into text field identified by `locator`.</doc>
<status status="PASS" start="2025-05-17T16:06:51.698546" elapsed="0.313975"/>
</kw>
<status status="PASS" start="2025-05-17T16:06:49.617119" elapsed="2.395592"/>
</kw>
<kw name="Click on Modify To Station" owner="Ticket_Purchase">
<kw name="Wait Until Element Is Visible" owner="AppiumLibrary">
<msg time="2025-05-17T16:06:52.736530" level="INFO">xpath criteria: //android.widget.ListView/android.view.View</msg>
<arg>${Modified_To_Station}</arg>
<doc>Waits until element specified with `locator` is visible.</doc>
<status status="PASS" start="2025-05-17T16:06:52.014619" elapsed="0.722201"/>
</kw>
<kw name="Click Element" owner="AppiumLibrary">
<msg time="2025-05-17T16:06:52.740428" level="INFO">Clicking element 'xpath=//android.widget.ListView/android.view.View'.</msg>
<msg time="2025-05-17T16:06:53.084506" level="INFO">xpath criteria: //android.widget.ListView/android.view.View</msg>
<arg>${Modified_To_Station}</arg>
<doc>Click element identified by `locator`.</doc>
<status status="PASS" start="2025-05-17T16:06:52.737391" elapsed="0.347627"/>
</kw>
<status status="PASS" start="2025-05-17T16:06:52.013776" elapsed="1.071855"/>
</kw>
<kw name="Click on Search Trains" owner="Ticket_Purchase">
<kw name="Wait Until Element Is Visible" owner="AppiumLibrary">
<msg time="2025-05-17T16:06:54.532922" level="INFO">xpath criteria: //android.widget.Button[@text="SEARCH TRAINS"]</msg>
<arg>${Search_Train}</arg>
<doc>Waits until element specified with `locator` is visible.</doc>
<status status="PASS" start="2025-05-17T16:06:53.089071" elapsed="1.444114"/>
</kw>
<kw name="Click Element" owner="AppiumLibrary">
<msg time="2025-05-17T16:06:54.535755" level="INFO">Clicking element 'xpath=//android.widget.Button[@text="SEARCH TRAINS"]'.</msg>
<msg time="2025-05-17T16:06:54.978954" level="INFO">xpath criteria: //android.widget.Button[@text="SEARCH TRAINS"]</msg>
<arg>${Search_Train}</arg>
<doc>Click element identified by `locator`.</doc>
<status status="PASS" start="2025-05-17T16:06:54.533584" elapsed="0.445468"/>
</kw>
<kw name="Sleep" owner="BuiltIn">
<msg time="2025-05-17T16:06:57.980164" level="INFO">Slept 3 seconds.</msg>
<arg>3s</arg>
<doc>Pauses the test executed for the given time.</doc>
<status status="PASS" start="2025-05-17T16:06:54.979213" elapsed="3.001344"/>
</kw>
<status status="PASS" start="2025-05-17T16:06:53.088022" elapsed="4.892706"/>
</kw>
<kw name="Close app" owner="AppSetup">
<kw name="Close Application" owner="AppiumLibrary">
<doc>Closes the current application and also close webdriver session.</doc>
<status status="PASS" start="2025-05-17T16:06:57.981743" elapsed="0.690953"/>
</kw>
<status status="PASS" start="2025-05-17T16:06:57.981438" elapsed="0.691381"/>
</kw>
<tag>ticket2</tag>
<status status="PASS" start="2025-05-17T16:06:04.170698" elapsed="54.502676"/>
</test>
<test id="s1-s1-t3" name="Scenario: Verify that Ticket Purchase is working Properly" line="58">
<kw name="Open app" owner="AppSetup">
<kw name="Open Application" owner="AppiumLibrary">
<arg>${REMOTE_URL}</arg>
<arg>platformName=${PLATFORM_NAME}</arg>
<arg>platformVersion=${PLATFORM_VERSION}</arg>
<arg>deviceName=${DEVICE_NAME}</arg>
<arg>app=${APP}</arg>
<arg>newCommandTimeout=${NEW_COMMAND_TIMEOUT}</arg>
<arg>uiautomator2ServerLaunchTimeout=${SERVER_LAUNCH_TIMEOUT}</arg>
<arg>uiautomator2ServerInstallTimeout=${SERVER_INSTALL_TIMEOUT}</arg>
<arg>appPackage=${APP_PACKAGE}</arg>
<arg>appActivity=${APP_ACTIVITY}</arg>
<doc>Opens a new application to given Appium server.
Capabilities of appium server, Android and iOS,
Please check https://appium.io/docs/en/2.1/cli/args/
| *Option*            | *Man.* | *Description*     |
| remote_url          | Yes    | Appium server url |
| alias               | no     | alias             |
| strict_ssl          | No     | allows you to send commands to an invalid certificate host like a self-signed one. |</doc>
<status status="PASS" start="2025-05-17T16:06:58.676780" elapsed="16.438687"/>
</kw>
<status status="PASS" start="2025-05-17T16:06:58.676357" elapsed="16.440067"/>
</kw>
<kw name="Click on Disclimer I Agree" owner="Ticket_Purchase">
<kw name="Wait Until Element Is Visible" owner="AppiumLibrary">
<msg time="2025-05-17T16:07:20.491735" level="INFO">xpath criteria: //android.widget.Button[@text="I AGREE"]</msg>
<arg>${I_Agree}</arg>
<doc>Waits until element specified with `locator` is visible.</doc>
<status status="PASS" start="2025-05-17T16:07:15.122293" elapsed="5.369766"/>
</kw>
<kw name="Click Element" owner="AppiumLibrary">
<msg time="2025-05-17T16:07:20.495563" level="INFO">Clicking element 'xpath=//android.widget.Button[@text="I AGREE"]'.</msg>
<msg time="2025-05-17T16:07:20.859211" level="INFO">xpath criteria: //android.widget.Button[@text="I AGREE"]</msg>
<arg>${I_Agree}</arg>
<doc>Click element identified by `locator`.</doc>
<status status="PASS" start="2025-05-17T16:07:20.492620" elapsed="0.366744"/>
</kw>
<status status="PASS" start="2025-05-17T16:07:15.117788" elapsed="5.741708"/>
</kw>
<kw name="Click on From Select Station" owner="Ticket_Purchase">
<kw name="Wait Until Element Is Visible" owner="AppiumLibrary">
<msg time="2025-05-17T16:07:22.313455" level="INFO">xpath criteria: //android.widget.TextView[@text="Select Station"]
xpath criteria: //android.widget.TextView[@text="Select Station"]</msg>
<arg>${From_Select_Station}</arg>
<doc>Waits until element specified with `locator` is visible.</doc>
<status status="PASS" start="2025-05-17T16:07:20.861469" elapsed="1.452102"/>
</kw>
<kw name="Click Element" owner="AppiumLibrary">
<msg time="2025-05-17T16:07:22.315427" level="INFO">Clicking element 'xpath=//android.widget.TextView[@text="Select Station"]'.</msg>
<msg time="2025-05-17T16:07:22.832503" level="INFO">xpath criteria: //android.widget.TextView[@text="Select Station"]</msg>
<arg>${From_Select_Station}</arg>
<doc>Click element identified by `locator`.</doc>
<status status="PASS" start="2025-05-17T16:07:22.313749" elapsed="0.518880"/>
</kw>
<status status="PASS" start="2025-05-17T16:07:20.860686" elapsed="1.972106"/>
</kw>
<kw name="Click on From Search Station Input From Station" owner="Ticket_Purchase">
<kw name="Sleep" owner="BuiltIn">
<msg time="2025-05-17T16:07:23.835740" level="INFO">Slept 1 second.</msg>
<arg>1s</arg>
<doc>Pauses the test executed for the given time.</doc>
<status status="PASS" start="2025-05-17T16:07:22.833799" elapsed="1.002524"/>
</kw>
<kw name="Click Element" owner="AppiumLibrary">
<msg time="2025-05-17T16:07:23.839470" level="INFO">Clicking element 'xpath=//android.widget.EditText'.</msg>
<msg time="2025-05-17T16:07:25.214921" level="INFO">xpath criteria: //android.widget.EditText</msg>
<arg>${Search_Station}</arg>
<doc>Click element identified by `locator`.</doc>
<status status="PASS" start="2025-05-17T16:07:23.836752" elapsed="1.378416"/>
</kw>
<kw name="Wait Until Element Is Visible" owner="AppiumLibrary">
<msg time="2025-05-17T16:07:25.513194" level="INFO">xpath criteria: //android.widget.EditText</msg>
<arg>${Search_Station}</arg>
<doc>Waits until element specified with `locator` is visible.</doc>
<status status="PASS" start="2025-05-17T16:07:25.215576" elapsed="0.298151"/>
</kw>
<kw name="Input Text" owner="AppiumLibrary">
<msg time="2025-05-17T16:07:25.519972" level="INFO">Typing text 'Dhaka' into text field 'xpath=//android.widget.EditText'</msg>
<msg time="2025-05-17T16:07:25.781761" level="INFO">xpath criteria: //android.widget.EditText</msg>
<arg>${Search_Station}</arg>
<arg>${Input_From_Station}</arg>
<doc>Types the given `text` into text field identified by `locator`.</doc>
<status status="PASS" start="2025-05-17T16:07:25.514347" elapsed="0.267574"/>
</kw>
<status status="PASS" start="2025-05-17T16:07:22.833391" elapsed="2.948636"/>
</kw>
<kw name="Click on From Station" owner="Ticket_Purchase">
<kw name="Click Element" owner="AppiumLibrary">
<msg time="2025-05-17T16:07:25.784544" level="INFO">Clicking element 'xpath=//android.widget.ListView/android.view.View[1]'.</msg>
<msg time="2025-05-17T16:07:26.516788" level="INFO">xpath criteria: //android.widget.ListView/android.view.View[1]</msg>
<arg>${From_Station}</arg>
<doc>Click element identified by `locator`.</doc>
<status status="PASS" start="2025-05-17T16:07:25.783059" elapsed="0.733958"/>
</kw>
<status status="PASS" start="2025-05-17T16:07:25.782776" elapsed="0.734566"/>
</kw>
<kw name="Click on To Select Station" owner="Ticket_Purchase">
<kw name="Wait Until Element Is Visible" owner="AppiumLibrary">
<msg time="2025-05-17T16:07:27.824653" level="INFO">xpath criteria: //android.widget.TextView[@text="Select Station"]</msg>
<arg>${To_Select_Station}</arg>
<doc>Waits until element specified with `locator` is visible.</doc>
<status status="PASS" start="2025-05-17T16:07:26.519613" elapsed="1.305154"/>
</kw>
<kw name="Click Element" owner="AppiumLibrary">
<msg time="2025-05-17T16:07:27.826748" level="INFO">Clicking element 'xpath=//android.widget.TextView[@text="Select Station"]'.</msg>
<msg time="2025-05-17T16:07:28.309519" level="INFO">xpath criteria: //android.widget.TextView[@text="Select Station"]</msg>
<arg>${To_Select_Station}</arg>
<doc>Click element identified by `locator`.</doc>
<status status="PASS" start="2025-05-17T16:07:27.825022" elapsed="0.484691"/>
</kw>
<status status="PASS" start="2025-05-17T16:07:26.518850" elapsed="1.791085"/>
</kw>
<kw name="Click on To Search Station Input To Station" owner="Ticket_Purchase">
<kw name="Sleep" owner="BuiltIn">
<msg time="2025-05-17T16:07:29.313085" level="INFO">Slept 1 second.</msg>
<arg>1s</arg>
<doc>Pauses the test executed for the given time.</doc>
<status status="PASS" start="2025-05-17T16:07:28.311831" elapsed="1.001434"/>
</kw>
<kw name="Click Element" owner="AppiumLibrary">
<msg time="2025-05-17T16:07:29.315609" level="INFO">Clicking element 'xpath=//android.widget.EditText'.</msg>
<msg time="2025-05-17T16:07:29.641426" level="INFO">xpath criteria: //android.widget.EditText</msg>
<arg>${Search_Station}</arg>
<doc>Click element identified by `locator`.</doc>
<status status="PASS" start="2025-05-17T16:07:29.313482" elapsed="0.328061"/>
</kw>
<kw name="Wait Until Element Is Visible" owner="AppiumLibrary">
<msg time="2025-05-17T16:07:29.961288" level="INFO">xpath criteria: //android.widget.EditText</msg>
<arg>${Search_Station}</arg>
<doc>Waits until element specified with `locator` is visible.</doc>
<status status="PASS" start="2025-05-17T16:07:29.641742" elapsed="0.319701"/>
</kw>
<kw name="Input Text" owner="AppiumLibrary">
<msg time="2025-05-17T16:07:29.965009" level="INFO">Typing text 'Ashuganj' into text field 'xpath=//android.widget.EditText'</msg>
<msg time="2025-05-17T16:07:30.237336" level="INFO">xpath criteria: //android.widget.EditText</msg>
<arg>${Search_Station}</arg>
<arg>${Input_To_Station}</arg>
<doc>Types the given `text` into text field identified by `locator`.</doc>
<status status="PASS" start="2025-05-17T16:07:29.961732" elapsed="0.276251"/>
</kw>
<status status="PASS" start="2025-05-17T16:07:28.310919" elapsed="1.927398"/>
</kw>
<kw name="Click on To Station" owner="Ticket_Purchase">
<kw name="Click Element" owner="AppiumLibrary">
<msg time="2025-05-17T16:07:30.243124" level="INFO">Clicking element 'xpath=//android.widget.ListView/android.view.View'.</msg>
<msg time="2025-05-17T16:07:31.004538" level="INFO">xpath criteria: //android.widget.ListView/android.view.View</msg>
<arg>${To_Station}</arg>
<doc>Click element identified by `locator`.</doc>
<status status="PASS" start="2025-05-17T16:07:30.241411" elapsed="0.763316"/>
</kw>
<status status="PASS" start="2025-05-17T16:07:30.240697" elapsed="0.764476"/>
</kw>
<kw name="Click on Select Class" owner="Ticket_Purchase">
<kw name="Click Element" owner="AppiumLibrary">
<msg time="2025-05-17T16:07:31.014040" level="INFO">Clicking element 'xpath=//android.widget.TextView[@text="Select Class"]'.</msg>
<msg time="2025-05-17T16:07:32.286194" level="INFO">xpath criteria: //android.widget.TextView[@text="Select Class"]</msg>
<arg>${Select_Class}</arg>
<doc>Click element identified by `locator`.</doc>
<status status="PASS" start="2025-05-17T16:07:31.010357" elapsed="1.276205"/>
</kw>
<status status="PASS" start="2025-05-17T16:07:31.008354" elapsed="1.278589"/>
</kw>
<kw name="Click on a specific Class" owner="Ticket_Purchase">
<kw name="Wait Until Element Is Visible" owner="AppiumLibrary">
<msg time="2025-05-17T16:07:33.091536" level="INFO">xpath criteria: //android.widget.Button[@text="SNIGDHA"]
xpath criteria: //android.widget.Button[@text="SNIGDHA"]</msg>
<arg>${Specific_Class}</arg>
<doc>Waits until element specified with `locator` is visible.</doc>
<status status="PASS" start="2025-05-17T16:07:32.289305" elapsed="0.802407"/>
</kw>
<kw name="Click Element" owner="AppiumLibrary">
<msg time="2025-05-17T16:07:33.093278" level="INFO">Clicking element 'xpath=//android.widget.Button[@text="SNIGDHA"]'.</msg>
<msg time="2025-05-17T16:07:33.354032" level="INFO">xpath criteria: //android.widget.Button[@text="SNIGDHA"]</msg>
<arg>${Specific_Class}</arg>
<doc>Click element identified by `locator`.</doc>
<status status="PASS" start="2025-05-17T16:07:33.091977" elapsed="0.262526"/>
</kw>
<status status="PASS" start="2025-05-17T16:07:32.288803" elapsed="1.066037"/>
</kw>
<kw name="Click on Select Journey Date" owner="Ticket_Purchase">
<kw name="Wait Until Element Is Visible" owner="AppiumLibrary">
<msg time="2025-05-17T16:07:34.241070" level="INFO">xpath criteria: //android.widget.TextView[@text="Select Date"]
xpath criteria: //android.widget.TextView[@text="Select Date"]</msg>
<arg>${Select_Date}</arg>
<doc>Waits until element specified with `locator` is visible.</doc>
<status status="PASS" start="2025-05-17T16:07:33.357164" elapsed="0.884260"/>
</kw>
<kw name="Click Element" owner="AppiumLibrary">
<msg time="2025-05-17T16:07:34.244506" level="INFO">Clicking element 'xpath=//android.widget.TextView[@text="Select Date"]'.</msg>
<msg time="2025-05-17T16:07:34.649891" level="INFO">xpath criteria: //android.widget.TextView[@text="Select Date"]</msg>
<arg>${Select_Date}</arg>
<doc>Click element identified by `locator`.</doc>
<status status="PASS" start="2025-05-17T16:07:34.242308" elapsed="0.407909"/>
</kw>
<status status="PASS" start="2025-05-17T16:07:33.356204" elapsed="1.294429"/>
</kw>
<kw name="Click on a specific Date" owner="Ticket_Purchase">
<kw name="Wait Until Element Is Visible" owner="AppiumLibrary">
<msg time="2025-05-17T16:07:36.105629" level="INFO">xpath criteria: //android.widget.TextView[@text="27"]
xpath criteria: //android.widget.TextView[@text="27"]</msg>
<arg>${Specific_Date}</arg>
<doc>Waits until element specified with `locator` is visible.</doc>
<status status="PASS" start="2025-05-17T16:07:34.652282" elapsed="1.453454"/>
</kw>
<kw name="Click Element" owner="AppiumLibrary">
<msg time="2025-05-17T16:07:36.109061" level="INFO">Clicking element 'xpath=//android.widget.TextView[@text="27"]'.</msg>
<msg time="2025-05-17T16:07:36.989357" level="INFO">xpath criteria: //android.widget.TextView[@text="27"]</msg>
<arg>${Specific_Date}</arg>
<doc>Click element identified by `locator`.</doc>
<status status="PASS" start="2025-05-17T16:07:36.105941" elapsed="0.883526"/>
</kw>
<status status="PASS" start="2025-05-17T16:07:34.651424" elapsed="2.338136"/>
</kw>
<kw name="Click on Search Trains" owner="Ticket_Purchase">
<kw name="Wait Until Element Is Visible" owner="AppiumLibrary">
<msg time="2025-05-17T16:07:38.821922" level="INFO">xpath criteria: //android.widget.Button[@text="SEARCH TRAINS"]
xpath criteria: //android.widget.Button[@text="SEARCH TRAINS"]</msg>
<arg>${Search_Train}</arg>
<doc>Waits until element specified with `locator` is visible.</doc>
<status status="PASS" start="2025-05-17T16:07:36.990631" elapsed="1.831622"/>
</kw>
<kw name="Click Element" owner="AppiumLibrary">
<msg time="2025-05-17T16:07:38.825146" level="INFO">Clicking element 'xpath=//android.widget.Button[@text="SEARCH TRAINS"]'.</msg>
<msg time="2025-05-17T16:07:39.178903" level="INFO">xpath criteria: //android.widget.Button[@text="SEARCH TRAINS"]</msg>
<arg>${Search_Train}</arg>
<doc>Click element identified by `locator`.</doc>
<status status="PASS" start="2025-05-17T16:07:38.822735" elapsed="0.356284"/>
</kw>
<kw name="Sleep" owner="BuiltIn">
<msg time="2025-05-17T16:07:42.179820" level="INFO">Slept 3 seconds.</msg>
<arg>3s</arg>
<doc>Pauses the test executed for the given time.</doc>
<status status="PASS" start="2025-05-17T16:07:39.179197" elapsed="3.000854"/>
</kw>
<status status="PASS" start="2025-05-17T16:07:36.990190" elapsed="5.190515"/>
</kw>
<kw name="Click on Book Now" owner="Ticket_Purchase">
<kw name="Wait Until Element Is Visible" owner="AppiumLibrary">
<msg time="2025-05-17T16:07:42.989512" level="INFO">xpath criteria: (//android.widget.Button[@text="BOOK NOW"])[1]</msg>
<arg>${Book_Now}</arg>
<doc>Waits until element specified with `locator` is visible.</doc>
<status status="PASS" start="2025-05-17T16:07:42.181898" elapsed="0.807721"/>
</kw>
<kw name="Click Element" owner="AppiumLibrary">
<msg time="2025-05-17T16:07:42.991871" level="INFO">Clicking element 'xpath=(//android.widget.Button[@text="BOOK NOW"])[1]'.</msg>
<msg time="2025-05-17T16:07:43.394077" level="INFO">xpath criteria: (//android.widget.Button[@text="BOOK NOW"])[1]</msg>
<arg>${Book_Now}</arg>
<doc>Click element identified by `locator`.</doc>
<status status="PASS" start="2025-05-17T16:07:42.989800" elapsed="0.404391"/>
</kw>
<status status="PASS" start="2025-05-17T16:07:42.181655" elapsed="1.212636"/>
</kw>
<kw name="Click on Available Coach" owner="Ticket_Purchase">
<kw name="Wait Until Element Is Visible" owner="AppiumLibrary">
<msg time="2025-05-17T16:07:45.342234" level="INFO">xpath criteria: //android.widget.Button[@text="JHA"]
xpath criteria: //android.widget.Button[@text="JHA"]</msg>
<arg>${Available_Coach}</arg>
<doc>Waits until element specified with `locator` is visible.</doc>
<status status="PASS" start="2025-05-17T16:07:43.395259" elapsed="1.947209"/>
</kw>
<kw name="Click Element" owner="AppiumLibrary">
<msg time="2025-05-17T16:07:45.345283" level="INFO">Clicking element 'xpath=//android.widget.Button[@text="JHA"]'.</msg>
<msg time="2025-05-17T16:07:46.105720" level="INFO">xpath criteria: //android.widget.Button[@text="JHA"]</msg>
<arg>${Available_Coach}</arg>
<doc>Click element identified by `locator`.</doc>
<status status="PASS" start="2025-05-17T16:07:45.343001" elapsed="0.762963"/>
</kw>
<status status="PASS" start="2025-05-17T16:07:43.394755" elapsed="2.711460"/>
</kw>
<kw name="Click on Available Seat" owner="Ticket_Purchase">
<for flavor="IN RANGE">
<iter>
<kw name="Run Keyword And Return Status" owner="BuiltIn">
<kw name="Element Should Be Visible" owner="AppiumLibrary">
<kw name="Capture Page Screenshot" owner="AppiumLibrary">
<msg time="2025-05-17T16:07:47.496566" level="INFO" html="true">&lt;/td&gt;&lt;/tr&gt;&lt;tr&gt;&lt;td colspan="3"&gt;&lt;img src="data:image/png;base64, iVBORw0KGgoAAAANSUhEUgAAAtAAAAZACAYAAABQfnXMAAAAAXNSR0IArs4c6QAAAARzQklUCAgI
CHwIZIgAACAASURBVHic7N13WFPn2wfwb8IMe4qyXAwVEZwF3OAW3Fpr62q1zjqqta2zVjvsr0pb
tdZaW1etilpFHNWCW1BBQAUEFWQoiOyRABnn/SPmSCCBJESBvvenl1czznhyyLjPc+7nfjgMwzAg
hBBCCCGEqITb2A0ghBBCCCGkOaEAmhBCCCGEEDVQAE0IIYQQQogaKIAmhBBCCCFEDRRAE0IIIYQQ
ogYKoAkhhBBCCFEDBdCEEEIIIYSogQJoQgghhBBC1EABNCGEEEIIIWqgAJoQQgghhBA1UABNCCGE
EEKIGiiAJoQQQgghRA0UQBNCCCGEEKIGCqAJIYQQQghRAwXQhBBCCCGEqIECaEIIIYQQQtRAATQh
hBBCCCFq0G3sBhBCCCGEkLqdOnUKYWFhtR4PDAxEUFBQI7To/zcKoInmBJnAvffBvLgFSQUDiCUv
/wGAGFyT1uD0OwRYdWvslhJCSLMXFxcHb2/vBm+nsLAQZWVltR7X0dGBvb29wnWKioqQk5MDMzMz
pcuUlJTAxMQEXC5d3Cb/fRyGYZjGbgRRHcMwEAqFqKiogLGxMUpLS1FaWgqhUAiRSAQulwsjIyOY
m5tDX18ffD4fpqamWv1CY6oKwUT5gCl9/jJgZgAJI/3/y/uMWAKIGHAkDLiO/uAMP6+1/QPS41BW
VgZ9fX0AQHFxMQQCAYRCISQSCfT09GBqagpzc3NUVlZCR0cHhoaG4HA4Wm0HIYS8CZGRkdi7dy98
fX0xffr0Bm0rLCwMp06dqvV469atsXLlylqPx8TEYN++faioqAAADBs2DGPGjAGHw4FAIMCDBw8Q
ExOD27dvIzg4GEZGRg1qn0x+fj5SUlKQkpLC3q7Jzc0N1tbWcHNzY283JXPnzmVv79ixQ63fID6f
j8jISAgEAgBAcnKy0mPg7u4OAODxePD19dXa34AoRz3QzUxlZSWSk5Px5MkTuLm54d69e0hMTERp
aSkEAgG4XC6cnJzQrVs32NjYID09Hb6+vrCzs9PK/pnCy5BEjwUYBtABwHCkgbPSFRiIMyOgyzAQ
3kyGnk8HrbSjoKAA0dHRsLCwgEQiQVxcHLKyslBWVoaqqiqYmJjA3d0d3t7eyMvLg6WlJTw8PGBi
YqKV/RNC/pvCw8MREhKi0rITJ05EQECA2vvYsWMHBAIB5s6dKxfohIeHIz4+Hv7+/nI9zXw+n91f
SEgIHB0dNdqvTP/+/dGrVy/2fn5+Pn744Qd079691rJFRUXYt28f3N3dMWXKFNy+fRtHjx6Fm5sb
PDw88O233yI/Px8GBgYat6emuLg4REREICUlBfX18SUnJwMAbty4AQBwd3dHQEAAvLy8tNaehtK0
nzIyMhJHjhypdznZSUZ1DXl/ENU0uwA6KysLly5dgrm5OXr37g0rKyu11s/OzsaTJ0/A5/NhZmaG
Vq1awcHBQe6sUCAQIC0tTeVturm5QVf3zRxKPp+Pu3fvIiYmhj0ztbW1hZOTEwwMDFBaWoqysjKE
hYWBw+HAxMQELVu21EoAzRRchCRmgvQOhwPocKRBtIGOtAe6qErximIGTEUehDHJEF25B96KiQ1u
y9OnT3Hnzh0UFhZCKBTCwMAAFhYWsLe3h1gsRnl5OVJSUnD//n2IxWJ07twZDg4OFEATQuokEAjA
MAwCAwPrXC4sLIwNbNXl6OiIsLAwREZGygU6YWFhYBgGbm5uAKTf90ZGRoiIiEBYWBgmTJiALl26
4MiRI/Dy8oKNjY1G+zc1NYWpqSl7/+bNm9DR0ZELqmUyMzNRUVEBHx8fWFhYwNfXF0ePHkVycjI8
PDwwceJEtGvXDkePHsX169c1ao9MSkoKQkJCkJGRUes5V1dX2NjYyPUw5+fn1+qZTk5ORnJyMpyc
nDBx4kS2Z7Y5iouLAyDtVXZycmIfl0gkSEtLg1gsBgDY29vDxMQEmZmZEAgEiIuLqzeA1nacU19s
VllZiYSEBOTn58PMzOw/0aHVrAJosViMDRs2sPft7OwUfuAVEQqFCAkJweXLl2s916tXL0yZMgU8
Hg+AtHfzxx9/VLldwcHBbyyANjU1RefOnREbGwuxWIwePXrA398fDg4OAF71UF++fBkPHz6ElZUV
OnTQQq+vsBDi6AngcJScSXM5gJUBUCECiuUDaQ7DgFOcCI6BPsr3hUO3n2eDe6LbtWsHBwcH5OTk
wMbGBn379kW3bt1gZmYGQPo3vH37NqKiolBQUID27dtr/GNDCPn/Q9ZbGBgYiIcPHypcxs3NDadP
n9Z4HwEBATh9+jTCw8Ph7+8PDoeDyMhI8Pl8+Pv7Iy4uDiEhIRAIBODxeJg+fTq6dOmCkJAQfPzx
x4iPj0dkZKRWBo6Vl5cjIiICvXv3hqWlZa3nZZ1LVVXS73VZT3NeXh4AoHPnzg1uAwAcOXIEERER
cr21vr6+8PX1hZubW52pDwzDICUlBZGRkYiMjAQgDfy3bNmCgIAATJo0SSttbCxOTk5YtmwZe//I
kSN49OgRrK2tkZ+fD1tbW8yfPx+bN29WmOKhiDbjnPpis7KyMmzduhVPnjxhH7O2tsaiRYvQsmVL
ldvQ1DSrALohZ7ehoaFs8Ny5c2e0bdsWWVlZiI2Nxa1bt8DlcjFz5kwAgL6+fr0DNVJTU1FSUgJH
R0cYGhpq3C51lZWV4cGDB2AYBr169UJQUJDcF4uenh5cXV1hbm6OkJAQ5OXlITExEX5+fg3ar/ia
q/LguTpDXUBfB8gpl3uYKckAkwVwAJQt+QUWN7aA04C87IyMDDx9+hRWVlYYPXo0XF1doaenxz5v
YmKC/v37Q1dXF+Hh4UhJSYG7u7vcWTwhhABge+5kPb8yyoIRRcvV7CWsi5GREXx8fBAZGYn4+Hh4
e3sjPDwcAODt7Y3g4GC4urrCy8uLzX2eO3cu4uPjkZWVBTc3N5UDpfrcunULfD5f6W9EmzZtYGpq
inPnzkFPT4/dr7Z/96ytreVOXgICAlTO4+VwOHB3d4e7uzsmTZqE8PBwtlqFulepm7r8/Hz2vRIU
FIQ9e/awOdLq0GacU19sdvHiRTx58gSTJk2Cr68vHjx4gJ07d+LUqVOYPXs2u9zdu3fB5XLh4eHR
LMYrNZsAOj8/H8ePH9do3by8PJw/Lx3ENnToUIwdOxYcDgcMwyA0NBRnzpxBVFQUBg0aBCcnJ9ja
2mLevHlKt1dWVobVq1cDAPz9/d/oiOPi4mLEx8ejRYsW6Nu3L4qKipCRkYFOnTrB0NAQ2dnZyMnJ
gbu7O/z8/HDo0CHEx8fDx8dH43YyxbcBkeTVAxwdcLkSQI8DcLlAlRgSMRdgpJeTwOWA09IITFa1
IFrPEJK4RACAhJGg8qeTMFwyVtPDgAcPHuD58+cYPHgwnJyc8OjRI/B4PDg7O0MkEiElJQWWlpbw
9PTEo0ePkJycjJycHDg6OjaLDyYh5M0JCQlBSkoKduzYodH6W7Zsgaurq1wvYX0CAgIQGRmJiIgI
8Hg8ZGVlwcvLi837nTdvHoyMjODt7Y3Vq1cjPz8f1tbWyMzMhLW1NbtcQ77PhEIh/v33X7i7u6NN
mzYKlzExMcG8efMQGhqKv//+m+1x1vYVvYCAAPD5fHh7e8udiPD5fMTHx7MDCWUnO7ITFtkAQi8v
LxgZGcHIyAhBQUHw9vZWKZVBWxoyWFAdssGffn5+DRowqa04R5XY7PHjxwCAPn36wMDAAN26dYOD
gwPu37/PvodLS0tx8OBBODs7w8PDQ8NX9WY1iwCaYRgcP34cAoEAHTp0wIMHDxQux+fzcfLkSQgE
AowaNYr9gCclJbHL9OnTh31jczgc9OvXD2fOnAEgDcpU6UG4efMmBAIBTE1N0a3bmyvRJpFIUF5e
jtLSUrRt2xYWFha4c+cOIiMjYWRkBGdnZ8TFxSEtLQ2Ojo5wdHSElZUVKisrIRAIYGxsrNmO744E
AHANOeB0uw4Yu+HAg2c48DAHpWV87BreA53M9MEI0sDc9JHG0VwuYKQHlFYCHA44Fp0genGD3WTF
4Ssw+Gg0ODrqB/UikQhFRUXgcDiws7ODSCRCTEwMeDwezMzMUFJSgsjISLRt2xa9e/eGg4MD0tLS
wOfzIRKJ5HqqCSH/P1XvNWYYRuOBXjUp682uycnJCW5ubkhOTkZ+fj4YhkFAQACysrIASHNUjYyM
UFBQAIZhYGRkBD6fDx6Ph/z8fPB4vAYHaXFxccjLy8P48ePr3Fb79u2xdOlSAMCVK1cAaC91o7rq
KSn5+fkICwtDXFycwlxzPp8vN4BQdrIRGBgIa2trODk5vfErjq+7qFl+fj77ez9x4kT2vfI6qBLn
qBqbydJ/ZFWzAOlVmKdPn7IB9OnTp1FWVlbve7EpaRYBdGxsLKKjo2Fvb4/AwEClf6SEhARcunQJ
gPTsSvZhfPr0KQBpIr6tra3cOpaWlrC1tcWLFy9UejNWVlbi33//BQAMGDCAzZt+E6qqqlBQUAA9
PT1YWFhAV1cXbdu2BY/Hg6OjI3g8Hrp06QJnZ2eYmZlBKBTCz8+PLX2nKUZiAJ1+cWAM7LHocgLi
sq9BAoABAzeHluhozpMGycau4PjnA6JCMJFekNgATGklOABEuQbsgAcAEEvE4IjFgAYBtKxknZmZ
GQwNDWFiYoK33noL+vr6MDMzA4/HQ9++fWFqagpDQ0O4uLhALBbD0tISYrGYAmhCiEa9xqqo3ptd
XyAQEBCAlJQU5OXlwdHREW5ubnBycsKpU6ewceNGODk5ITMzE1ZWVrC2toZAIICTkxNSUlIaXKZM
IpHgwoULsLGxgaenJ/u4UCjEwYMH0aZNG/Tv3x+ANMc1JiYGaWlpiIiIwNChQ19rcCpLwagZOLu6
usLIyIg9LgKBgE0p4fP5uHHjBuLi4tgUkP+KlJQUzJkzh73v6OgIIyMjNmap+XxDqRrnqBqb2dra
4vHjx3j69CkcHR1RXl6OzMxMODk5gcvl4uHDh7h48SLGjx+vtYphb0KTD6BLS0vZkkKTJk2qMw/H
2dkZlpaWKC8vh4uLi9w2AGmwrOgLzdLSEi9evEBRUVG97YmNjUVBQQEA6QCHN4lhGFRVVYFhGFRU
VKC4uBj6+vpwdnaGWCxmi9ibmJiw9Tq7d+8OXV1dzXufAXD7ZyCrvBIzz9yESCwCV0cHHIaBuTEP
BjwjaUWO6nQtwembAU7ih0Dxn+AUMeAv3w/UODkX/HUJvOmD1W6PUCiEWCyGWCxGaWkp+Hw+WrRo
AUA6IAYAWrVqBUBa2N/W1ha2trbg8XhyZ8CEEKJt6vRme3t7w9vbmx08yOFwYGRkhNWrV+PIkSMQ
CATw8vLCpEmTYGRkhI8//hgCgQBZWVkNrgWdlJSE9PR0TJw4Ua5ToaqqCklJSdDR0ZF7bM+ePXBy
csLMmTPRq1ev195LKAueXV1dERAQAG9vb4X7ZBgG8fHx7FgXPp//2nuCGxOHw8GMGTNe6z5UiXPU
ic169+6NqKgo7Ny5E97e3khJSUFFRQX8/f3ZAg+tW7fGwIEDtf9iXqMmH0CfPn0aBQUF6N27Nzp2
7IjMzEyly9rZ2WHjxo0Qi8VyNSllwaSynkfZH162nDJisZg9K+vdu3ejFWwXiURIS0urNaWnsnw4
S0tL9OnTR+PBFKklAsy/eB9gJNDhcsEw0n3ZmJmCqZL2MCvC7fQrGD1riBJMUJX7vNbzFSFXNQqg
ZcrKynDz5k2VB9N07twZnTp1eqNXDQghpC6K8lBtbGwwf/78Wo/LSrLNmDGjwR04Hh4e2LlzZ63H
jY2N8dVXX8nlvBoaGuKnn36qs9rUtGnTMG3atAa1SSYgIAD5+fnw8vKqtwwdh8NhT0RSUlIQFxeH
QYMGaaUdTZGrq+trjT1UjXPUic3c3Nzw0Ucf4fz587h06RLs7Owwbdo0+Pr64sKFC0hPT8fy5cub
3dXhJh1AJycn4+LFizA1NcWoUaNUWkdXV7fWh1zVs9H6lktISGDfJH369FFpm9rE4XDA4/Fgbm6O
qqoqNv9LGZFIhLKyMrRq1Qpdu3bVOIBefCVBWvZZlwtIAAnDgPeyJ1evnoGJnDYbUDJV8SVScXHt
qWRVoaOjAzMzMxgZGSE3Nxe5ubl1Li8QCFBRUQEzMzO4urpSAE0IaVSKqnYo6giQLVPzOVn5stcV
SFXvfQakvz1vqlRreHg43NzcapWei4yMZAcSysgGEMpOJmSzEb5OW7ZsYW9//PHHr3VfNXG5XLne
Z39/f/j7+yMiIgKHDx/Wyj5UiXM0ic06d+5cK2/++fPnCA0NxcCBA+Hq6tqwhjeCJhtAV1ZWsjPw
jBs3DhYWFo3aHoZh2NIx7u7uaNu27Rtvgyznub4C/zIFBQUNLmwvxYUOlwEYgNFhwGEYWLxMCRFz
uWAAxb3QQjGK+6+QzlpYHcMAHA70Oyse9V0fWc6zql+U9+7dkxtISgghjWnz5s1wc3OTy7/esmVL
rU4c2TKKngsMDNRKHeimRDaRirW1NVatWgUjIyO2Jras7nRNN27cQFhYGCZOnFhvWTZttbGxUkSU
Vd5QNC27JlSJc7QVmzEMg2PHjsHY2BgjR44EwzDIzs5GSUkJzM3N2TTMpqzJBtAXLlxAVlYWOnXq
BB8fnwZtS3Y2LZFIFD4ve7yuM+zHjx+zCfIDBw5slFGiOjo6sLS0hIGBAQwMDOrNa5bVueZwOA0q
taerw4WEYcBIpAMHORwGOi8H/wnFYoXBs/jhUxRN/a5W8CwRC8HlcAGODoyXT9CoPfr6+nB0dESr
Vq1gbGxc72WfkpISPHr0qNmM7CWEvH4jR458LT24qkz8oaw9gHQ2Qisrq1rBkuwxmYb0tGZlZeH4
8eMYO3YsnJyc2PseHh5wd3dny5Lp6urCxsYGb731Flq3bs2u/+TJE9y5cwfjxo3TuA018fl87N27
FwzDIC8vD3v37sW8efOQn58vFzxXf92ynvm8vDy5nun/qhcvXmDLli0YPXo02rdvDwCIiIjQeEbM
mlSJc7QVm0VHRyM+Ph6zZs2Crq4udu7cidjYWPb5nj17YurUqVqdIl7bmmQAnZ2dzZaWKyoqwrZt
29jnEhIS2Nu7d+9GVFQU+vbti65duyrdnuySfVmZ4pSByspKueUUkVX3aNGixWsp36MKkUiEjIwM
REdHo02bNvVOjiKRSCAUCsHj8Ro0iFBXVxdisRgMhwHDcOTOviViMUQSBrpc6QeNKa+AYMYWCDJy
5LbBSCQQVwnA1dGBhMsBF4BOW81mIBIIBLh9+zYKCwvRq1evekeDi0QiSCQSGkRICGG9rt5bTSet
krXn9OnTsLGxQWBgoFwAo+gxTVVVVSEhIQEjRowAn8/HH3/8AUNDQ/Tp0wdPnz5FQkICgoKCYGtr
i5iYGAQHB+OLL75gexvv3Lmj9WoJe/fulQuU4+LiEB4ejoCAAGRmZsLR0RF+fn5y1Uf4fD4iIyOR
mZkJf39/rbanKZKlbaanp7MBtLZ6n4H64xxtxWalpaU4duwYvLy80KNHD4SGhiI2NhYjRoyAp6cn
oqOjER4eDmdnZwwZMkRrr0/bmmQAXVxczJY8e/bsGZ49e6Z02YSEhDqDZ+BVwffCwkJUVFTIjRZl
GAY5OdJgT9kXwrNnz3D79m0A0pyjxkp053A4EAgEiIqKQmFhIbp376707EwikaC0tBRFRUVo0aJF
g1JgvG3MEf+iCAykPdASiXyv8qGELIz/81/g8j3wGTHb68wwDMSiSlQKSqGrowsuVxdguAAjAc/W
UlorWgM6Ojp48uQJ7t+/j1atWqFVq1ZKrx7ISv+JRCJYWlq+0VkjCSHNw6RJk8Dn8zUOTpcuXdrg
snI11WxLSkqK3IDDkSNHNvgkgGEYHDlyBGVlZZg3b57c70mHDh3g4uICc3NzxMfHo6ioCBYWFhCJ
RLh16xY+/fRTthTe3bt3YW5ujr59+6Jjx44atWXevHm1UiNkx0BZ1QkjI6P/VLk6dZ04cUJrvc+q
xDnais1q1nyOiYmBqakpgoKCwOVy4ejoiCtXriA+Pp4CaHXVnPe9urS0NPbyUvfu3TFgwIB6L8NV
n2EpLS1N7gOemZnJlrmrfomquqtXrwKQjkTu0aOH6i9Ey3R1dWFtbQ1bW1s8f/4cKSkp8PDwqJWe
wTAMiouLkZSUBH19fbRr165B+13u5YiZl0qlgTPDQMKV/5K7VFKJ9qeOQ5hfDAMuF3pcPRjo6kOP
qwtdHT3o6uhKSzu9/I/DAQy2KZ8BqT48Hg/29vZISkrCw4cP0a5dO9jZ2dX6wWEYBmlpacjOzoa9
vT0sLS013ich5L9L2VUsVdMk6qsUoQ2yev+y7zltpJ+cP38ed+/exfTp02vNLPi///2Pvd2rVy84
OjoCkE7v7ODgAEtLS8TGxuLkyZP49NNP8fDhQ+zduxcrV66EmZmZ2m05cuRIrbkYfHx85Hr08/Pz
2fJ+PB4PkyZNem0DKd/UzIIN8c8//2htW6rEOdqIzRTVfC4uLoadnR0by+jr68Pc3JwtS9tUNckA
2tjYWOkXF4/HY/9I3t7ecsspm4nQ3d0dVlZWKCgowIkTJ2BtbY0WLVqgsLAQJ06cACA9k1U0fWRh
YSEuX74MAOjfvz9MTU21+lrVZWlpCR8fH5w9exaXL1+GmZkZWrZsyfYciMViFBQU4N69e7h58yZa
tWoFLy+vBu3TgMuFn701Ip/lA+CAWzOvWSJB8ond6DD4XUiqhGAgna5bIu2vBsMwkDAMuIy099qo
vT102miWviHj6emJx48fIzExES1atEDPnj3ZyWUAaZrH8+fPcfnyZbx48QIDBgxoVgXaCSGN6/Tp
00qfa4yBZI6Ojli2bJlWA7m7d+8CkNaE9vX1Vbhtc3Nz9uqtiYkJ7t69i+7duwMATE1NIRaLER0d
DQ8PD2zcuFHjah0BAQHYuHEj26Pq6OhYq1RfXFwc4uLi2Ptubm6vtQe6KdeT3r9/v9JxXepSNc7R
NDaTUVbz2cbGBtnZ2aisrISBgQEqKiqQl5en8dWMN6VJBtCaUjYToYGBAd555x1s374dT548wZo1
a2Bqasr2PAPA5MmTYWJiUmub169fZy9ZvOmJUxQxNjaGp6cnHjx4gNTUVBw9ehQ+Pj7s2VtJSQli
Y2MRHx8Pa2tr9OzZEw4ODg3e74IOLRGXX45KYdWrgLjal+2VnCKMTDyNJ50CIRaKIWEYSCQSSDgS
SLgScBkJGEYCHS4HpodXN7g9Dg4O8PLyQl5eHi5duoSCggJ06tQJZmZmYBgGmZmZiIqKwosXL+Dm
5gZPT0+NekUIIf+/yFIxVMktbUhJzKysLLVKoj19+hTBwcHs/Zq9s5rw8PCAn58fdu3aha5du8pN
2fzJJ5/AxcUFhYWF+Oyzz5CUlARvb2/cunULK1euBAC4uLhg9erViI+Px8GDB2Fubo6FCxdqNPDL
2toa06dPx44dO8Dj8TBv3rxaAX1AQACSk5MRHx8PLy+v/xd5z8rcuHFDa9t6U3GOrq4uAgMDYWJi
Ipci4uvri5CQEOzbtw/e3t6Ij48HgEa94q+K/1QArWwmQgDo0qULlixZgtDQUKSmpsqlbQQGBqJL
ly61tsfn83Hx4kUA0ksSTaWsSosWLTBmzBicOXMGGRkZOHz4MMRiMQwNDVFVVQUDAwM4OzvDz8+P
7SloKA6AX/3aYc6NxxCKxdI05xqdFZ/dScf2R+dQFRGFtA83sCkbzMtAmgvA9sbP4Ggwfbcib731
FhiGwc2bNxEfH4/r169DX1+f7TUwMTFB165d0bdvX/byIyGE1CUgIABubm715pbKppTWFJ/Pl6vl
r2wiLGXLa6Nu7ogRI9C+fXvExMTg8OHDcr+baWlpMDAwQGJiIgBp583jx4/Rpk0bdkzNlStX8OjR
I7z33nto3bo1tm3bxs7+qglvb2/4+vrC19e3VkqJzIwZM7Bjxw7MmDGjSaZVvAnnzp3TWu/zm4xz
OByOwlhrwIABKC4uRnh4OKKjo6Gjo4Phw4c3iU7LunCYpnyNQgMikajWTIQ1CQQClJaWwtDQsFn3
SpaXlyMhIQEPHjzAixcv2AlGWrZsCS8vL630PNckYRhsuJ+N9CLFFU04HA4+7GiPt6yMIbh9HwUb
f0dlcgaMra3R4vJ2VO45j6qkTJiufRcci9o9/pqQjRp//Pgx+Hw+DA0NYW5uDldXV3Ts2LFZ/40J
If89in52ZcGgokC6ruU1kZqaik2bNrG9zHl5ediwYQO6d++OPn36YNOmTeyyrVq1Qu/evTFo0CCE
hITA2dmZLV9WWlqK/fv34/79+9DR0cGIESMwbNiw/0RgW/2YV3892npcFZs3b1Z5pt3qatYYby7K
y8tRVlYGU1NTrQ/KfR3+cwE0eTOelFfhfwnPIKioBGp92QNWxgZY5ekAK/3/1EUOQgj5f4lhGHbW
uJqdEhUVFdDT06s1gyFpmD179iAyMlLt9Xx9fZVWLiHaQwE00RjDAEKGQeSLUlzLK0dGUTkYhkEr
M2P4WvPQv6UFeDrNvyeCEEIIedMyMzOxefNmCAQCldextrbGvHnzGpReRFRDATQhhBBCCCFq0M5o
LkIIIYQQQv6foACaEEIIIYQQNVAATQghhBBCiBoogCaEEEIIIUQNFEATQgghhBCiBgqgCSGEEEII
UQMF0IQQQgghhKiBAmhCCCGEEELUQAE0IYQQQgghaqAAmhBCCCGEEDVQAE0IIYQQQogaKIAmhBBC
CCFEDRRAE0IIIYQQogYKoAkhhBBCCFEDBdCEEEIIIYSogQJoQgghhBBC1EABNCGEEEIIIWqgAJoQ
QgghhBA1UABNCCGEEEKIGiiAJoQQQgghRA0UQBNCCCGEEKIGCqAJIYQQQghRAwXQhBBCCCGEqIEC
aEIIIYQQQtRAATQhhBBCCCFqoACaEEIIIYQQNVAATQghhBBCiBoogCaEEEIIIUQNFEATQggh95Mv
3gAAIABJREFUhBCiBgqgCSGEEEIIUQMF0IQQQgghhKiBAmhCCCGEEELUQAE0IYQQQgghaqAAmhBC
CCGEEDVQAE0IIYQQQogaKIAmhBBCCCFEDRRAE0IIIYQQogYKoAkhhBBCCFEDBdCEEEIIIYSogQJo
QgghhBBC1EABNCGEEEIIIWqgAJoQQgghhBA1UABNCCGEEEKIGiiAJoQQQgghRA0UQBNCCCGEEKIG
CqAJIYQQQghRAwXQhBBCCCGEqIECaEIIIYQQQtRAATQhhBBCCCFqoACaEEIIIYQQNVAATQghhBBC
iBoogCaEEEIIIUQNFEATQgghhBCiBgqgCSGEEEIIUcN/LoC+9iihsZtACCGEEEL+w/5TAfQXYQfQ
9/tlWH1yb2M3hRBCiJbkFxbjRvS9xm6GVlUJhTgWdrGxm0EI0dB/JoD+IuwA1ocdAAB8dfYvLDq8
AwzDNHKrCCGENERiyhMMe3spdv8Z2thN0arYeyn4YOnXWP3tTlQJhY3dHEKImv4TAXT14FmmWFAO
BhRAE0JIc5Wa/hTj3/8cD9MyMczft7Gbo1U9vDpiyrgh2Lb7KNZ88yt1+BCiAuNFo8GZOwwjtq5p
7KZAt7Eb0FCKgufJPfrj92kfg8tpeucHv+4/iRVfbmPvn/0rGL49Oqu1jWfP89Cpzzvs/VnvjsL3
X3xU5zpVQiHCzl9H2IXrSE1/itT0Z3B2sENbZ3sMGdAL40YOgLERr85tzFi0ASfOXgEA5Caegb6e
Xr1tfZiaiZ5D3wcArFjwHlYumV7vOgCQm1cIj75TIBSJ8MGUIGxev0il9aofX3X25zVwKtKzctDT
uyMuhPyk0joMw2Do20twKzYRrR1bIubCHujq6qi0bnUv8osQGX0PCclpiIl/gPtJj+HV2Q2d3Nqg
q6cbBvXrBSOegdrb1cYxrInHM0APr47o5NoGbi7OGDbQBw6tbNVuW337Uab632fl17/g5z+OAQA+
/WgqPl80rd71Zy7eiL/PXAYAfLd2IT6cOpp9rvr7W5HWji3RrYs73F1aw6e7B/r7dgWHw1G4bF3b
amFjiW5d3NHBpTU6ubfFsIE+MDM1VrhszN0HCBhf92dbkZTII2hhY1nr8byCIpwNj8T9pFTcTXqM
5EfpcHNxRkeX1vDp4YmBvbspXK+mh6mZ+PfKbSSmPEHc/RTkFRSjo6v09fj17IKBvbuBZ6j+e7a6
5y8K8M6ctch+nofgLxdjYpA/AODC5VuYOGuVRtvMvhemsF2JyWk4GxGJxJQ03I5Ngp2tFbp16YBu
XdwRNLg3jIwM69wuwzAIvxqNqJj7uJeUivj7KfDo0A7enV3h070zAvr2AJcr/3uko8PF5vWLkJr+
FDv3n4B9Kxssnv22Rq+LNB8Jz9IRHH4c0ekPkVGQCw6Hg25OLvCwb43hnXtiaKfujd1EoqJmHUAr
Cp7Hde2NA+9/Ch1u0wueFTly8l+1A+i/T19Sa/n4hIf4cPkmJD9Kl3v8/oNU3H+QilPnr+Gr4D3Y
9u1yDOrXU61tvy6nzl+DUCQCABw49g9WL50JSwtTtbbx3fYDGDnYD14erq+jiYi7/xC3YhMBAOlZ
Obh2Kx4D/LqpvD7DMDgadhGfb/wZeQXFcs/lXIzCPxejAAA2VuZYPPttLPxggtKATRFtHMOaBIJK
XI2Kw9WoOADAsnU/4Z1xQ7D+k1kqBV7atGLBuzh94TrSs3Kwaet+jBrSBx4d2ildPuz8NTZ47tW1
E95/J1Ct/aVn5SA9K4e9P6R/L6xb/kGd+1QkN68Q5yKicC5C+vc1MzXGgvfHY/m8d6Gj83q+t/iC
Svxv+wH8vOc4Kiur5J6Lir6PqOj7+OPQadhYmSP4yyUIGtpH4XYysnKw7n+/scexuuzneYi4FoNt
u4+iq6cbtn79MTp3aK9xmzds+QPJjzMwYpAfZqr5t1LEzNQYerryP3mFRaX4cddh/PDrYbnHM54+
x+24JADA+pa22LR6vtJjkpKagc837kD41Wi5x3NeFLCPdfN0x9avP671XuEZGmDbN8vRO2gO1n33
Gwb17an2+4k0DxXCKsw7uBV7Ii/Ueu7fB7H490Esfow4gQFuXRA8cQ68nTT/7JA3o9kG0MqC50Oz
Pm82wTMAHDj6D1YumQFbawuVlheKRPh1/0mVt3/xegwmz1nL/mi2dbZHP19vdHJri4epmbh6Mx7J
j9KR86IAEz5YiV/+9ykmjxmk0WvRFoZhsOfQafZ+ZWUVzoTfwLvjh6q9rcWrg3Hmzy319iBpomYP
49FTF1UOoAUVlZj7yXc4eU66jXat7TF+5EB4dGgHR/sWyM0rRNy9FGz9PQR5BcVYs+lX6OvrYc60
MSptX1vHcOf3n6GTWxu57ebmFSIt4xm27T6K9Kwc/HX8PCoqKvH7D6vUCvDr2o8yenqvvrIszE3x
7Zr5eGfOWgDA0rU/4tSB72GgX/vKSFFxKVZs+Jm9H/zl4jqvFkQc2ya3LwCorBLiWc4LhJ67iqNh
F3H+8i3EJTzExePb6+yFr7ktoVCEnBcFuJv4CD/uOoyS0nJ88+M+WJqbyfWI17R0zmSMGzlA6fPV
WZibsLdFIjGWffET/jp+HgBg39IWi2dPQvs2DrCyMEPOiwIkPEjF1t3S99rUhevx6+bPMGlUgNw2
8wuL8e78L3Av6TEA6dWA96cEwcm+BfT0dJH9PB/Xbsbjtz9DEXsvBWOmf4rQff9DJ/e2KrW5uhvR
93Dg6DkAwJqPZ8o919O7I66G/qLSdoRCESZ8sBIFRSVYOmey3N+cYRh8sn4rjr4cyDd0oA8mjfKH
s2NLlJSW42ZMAr7bfgDPcl5g6sL1uHh8O7p6usltv7CoFJM/XIPU9GcAgEWzJsGnuwfsWljheW4B
Tp67gsMnw3HnXjLeX/IVzh4KhpWFmdw2XNo6YvGsSfhu+wGs2fQrju7+ulZvNWneigXlGPXzF7jy
UDoQ1t3OEeO69oa3U3tYGpngSf5z7I38F9cfJ+BSyl34B3+Ku2t+gaOlTSO3nNSJaYbWndrPYM5Q
uX8jt61hqkTCxm5avXbuO8GYuwyS+/fbn6Eqr//vldu11l+27ieFyz57nsc4eAUx5i6DmLY9xjFH
QsMZiURSa7mIa9GMt/80dnv3kx4r3N70j75kl6msqlKpvSmPM9h1vgreo9I6t2IT2XXem/8FY+4y
iBk6eYnCttek6Ph+89O+etfrMuA9xtxlEDNowkcqtbG0rJxp3X2MXBvNXQYxz18UqLT+b3+GsuuM
mf4pk5Obr3C5p9m5zNDJS9hlb8UmqrR9bR3D6PgkpcuVlwuYKfPWscsePRWhUtvU3U99Plz2Dbud
HXuOK1xmxfpt9b4fVH1/SyQSZsee4+yyk2avZoRCkUbbynz6nPHoN4Vd9lFaltzz0fFJ7HM7951Q
up26HAu7yG5jwgefM8UlZQqXy8nNZ3oMnskum/UsV+75FV9uZ5/bsOX3Wq9Zpvp7b+DYBYxIJFa7
zeNmfsaYuwxiVny5Xe11qws9d5UxdxnE2HQYVuszdvD4ebadP/9xTOFn49L1O+wyw99ZWuv5j1Zu
rvez+b/tf7LLbNq2X+EyWc9yGZsOwxhzl0HM1ag4DV4pacom7NzIxiqTfv2KKa+sqLWMSCxmPjm2
i13Ob9PSZhHTvGlGH41iMGcoM/yn1Y3dFKbZneYq6nke3LEbjs1ZAz2dpt+hXr2DbuTg3gCAX/b8
DbFYotL6sl4k17ZO6OHVodY2q/t8488oKxcAAMIOfI+JQf4KewgH9u6Oc4eC2V6rZV/8BJFIrFJ7
XofjL1NU+vt1xacfvQdAeplZ1vOlKlle6bc/7UPsvRSttvHfK9EoKi4Dj2eAzesXwcbKHABw5t8b
9a6bX1iMb36Ullp0b++MP3/+Ana2VgqXtW9piz0/vhosERIarlL7tHUM62JkZIhvVs5l79+KTdLa
ttWx4bM57Ht3/ebdSE1/Kvf89Vt3sXP/CQBAJ/e2WPTBxAbtj8PhYM60MeyVmn8uRiEhOVWjbTna
t8DX1Y5hfMLDBrVNEVkqAgD8b91HSvOt7WytELxhMXv/aFiE3PMXLt8EAHR0a4PPPpqmtAe/p3dH
rF8xCwBw514yItUsP/fgUTqb+tCQq2EMw2Dr7hAAwAfvBtX6jP368j3R1dMNH04do/C7sb9fV4we
1g8AcOP2PZTzBexz2bn52HfkLABg8ey30dO7o8J2LHh/PJveFK3kM+LQyhaBQ6S/B4dPqvYZJ83D
oduXcPTOVQBAUBcfHJr1OYz0a+fh63C5+Hr0TPRq4w4AuJGaiPAHcW+0rUQ9zSqAVhQ8D3DrgpPz
18FAt/4BbU3N26Oll0gfpmUiKuZ+vctnZOWwlxtnTx0NsUQadCsavP0oLYtNMXj/ncB6L6Pa2Vph
0axJAIComAS5H903qaS0HL//FQYAmDZxODzc26FLJxcAUJh3WVP138ANn37I5jwuXfsDBBWVWmvn
7oOnAABTJwxDCxtLvP9OEPs4U89o+l/2/M3mPC+e/Xa96SUtW1hhQuBAAMCR0PB6X0dDj6E6nB1b
wr6lNH0hPkG7JymqamFjiU1rFgKQ5mh/sn4bJC8/G3x+BT6pNlDxuzULtJLOw+FwMDzgVVWIzKfP
Nd5W52o5r8mPMxrULkXuP5AG9zyeAdo4tapzWe/Or8YL3E96dVJQWFTKpil07exW72DZ7l06sLcf
pmaq1V7ZyV8LG0t4ebiotW51l27cYccoTJs0Qu45oUjEnlR383SvM/fcr6cnezsr+wV7O+d5Pnvb
o4Py71eeoQHe6uYBALh6K17pckMH+gAADv19Abl5hUqXI83Lr9fOsre/CHyvzjQ3XR0dfDZsEnv/
+mPFE8Pll5fgm3OHMWnXV/BY/yEMFwahzcpp6L/5E/x27RxEYsUdYD9fPgXO3GHgzB2Gp0V5qBQJ
8e25wxizYz1arXgHVh9PQI+vP8K2S/WXjKwSifDX7UsYuW0N2q6aDpPFYzDoh8+wJnQvHuY+rXd9
flUlfrt2Dv7Bn8Luk8mwWTYJgdvXYsPpgygWlNe7flPQbAJoRcGzX7tOOL1wA3h6DRvt3Vj8enrC
2cEOAHDoxL/1Lv/3WWnwo6eri7Ej+oPPr1C67MXrMeztj2ap1uP23oRhMDGWVuIIv3pbpXW07WxE
FCorq8DjGWBw/17gcDj4YMqr4LSu11xTJ/e22PDZhwCkA/627T6qlTampGawg+hGDe0LAGzv0b2k
x4iOf1Dn+n+dkA4isW9pi7Ej+6u0z9+CV6Lo4QU8if673uoG2jyGqnB8mf/7LCdPq9tVx8SggQjo
2wMAEH41mu3F2/7HMSQmpwEAZr83Cn3e8tLaPmUnDgCQm1ek8XZMjI3Y20VFpQ1qkyIdXJwBSE8u
6gv0TYyNcP3UTlwN/QWfLHyXfdzC3IR9vXcTH7EnKMp069IBV0N/wdXQXzB04Fsqt5VhGOwPkeY+
Txod0KBc4O2/Syu0BA3pUyu/Xlglwo8bl+LHjUsxsUaud03VBx46tHyVk2phbsJuo1fXTnVuQ5aX
79td+YDxfj7S96ZQJMK/Vxrn+5doV3ZxAS4mS0+axnr7oZtz/SeEgzp0Y4Psi8l3az1/5eE9tFk5
HStP/IGQmKtIzM5ApUiI9IJcXHl4D7MP/IAe33yE0gpBrXWrS8t7joDgz/D5iT9wMj4SOSWFKOSX
ISbjIT469DMW/KW8QlJOSSF8v1uCKbu/xZn7t/Ek/znKKysQ/iAOG8/8Bbe1H2D2/h+UBvJpeTnw
2jAPsw/8gIvJ8cgtLUJ+eQlO37uFtaf2ocuGebj9pHE6ZNTRLAJoRcFzzzZuOLfoK4WXQpoLhgHm
zxwPQNrr8CJf+Y+wUCTC7welvYrvTRgKW2sLlJYr/4DE3E0GIE31aOtsr1J7WthYwuflF3xUTONM
iS4bODRl7BD2UvMwf2nPTElpOS5cuaXW9ma9O4rtQfrqhz1auUQeeu4aAOmATNnx8uzYXqVeXpFI
jKxnuQAA/z7dG1zqSxFtH8O6FBWXsr18XRrQW9hQXC4X/1u3ELyX5f4+/+pnnI2IxFc/7AEgDXZX
LZmh1X0+y3nVG+lgr1kpPwBy1XHatlbts6oOv55d2NuffbUDZeX8Opf36NAOnh3bw62dM/sYh8PB
qJdVKO4/SMWWXw7VmeZlxDOAZ8f28OzYXu5Eoz5pGc+Q/Vx6IqZORZuabsclsUHo3Olja7fPyBDT
3x6B6W+PgE93jzq3deee9Lt07Ij+cic7bZ3t2W3U1bNfWSVkr+hVv2pRk31LW7Sykwbod15+f5Pm
LTr9VRA4zKOHSuuYGvIg2XEWzC/ncO2TzXLPPcp9huFbV6OsUgArY1MsCRiLfTM+QfjSb7F18nx0
cZBeCYnPSsXMvZsVbZ41fOtqXH+cgOm+g3Bo1uc4t+grrA+aCitjaaWmny+HKewBL6sUoN/3y3En
4xEAYH7/QByevRIRSzdh2+QFcLKUft5/u34On5/4o9b6GQW56PnNIjx6Ib2i9fGgcTgxbx3OfrQR
64OmwkBXDxkFuejz/cd4WtR4nTKqaPIBtLLg+fyir2FqWHfd4qao+tV9oVCI8YEDoaerC6FIVOe0
ruFXo9kSWpPHDgaAOn8IM14ua2ujWnUPGUtz6YfnbuIjtdbThoQHqWzP7pjh/djH7Wyt2IoAfx79
p85tVD++DMNAV1cHP2xcwvYiLV4d3KBUjiqhkE3fmDZpOHspm8PhsGXRDhw9h5JSxZegikpe9TCa
m5koXKYhtHEM1bH++93s7THDVOtNf13atXbA+k9mAwCKisvY6hwA8L+1C2Bh3rASfjVVL1vWTsWT
1JrK+QKs2fQre7+uAEtTY4b3Y/N4T1+4jp5DP8CuAyeRlvFMre18suBdONq3AABsDP4DQyYtxvHT
l1BUrL1e8wePXqWwuLVz0ng7u15WKvLp7iGXgqGuu4mP2BPSGW+P1Ggbfx0/j/SsHJiZGtdbRaXv
yysk12/X7nkkzc+L0lflSc0MjepYUjXfnQ8Bv0r6+3Vh8TcInjgHU30C4O/ujYUDRuH251vh6SC9
2nIs9hoK+WV1bu/q8s3YM3053u7RH0M7dcfake/i0sffsc9vv3Sq1jqfHt/NpmgET5yD7e8sxKTu
/TDQ3QsLBgQh6Ytd6OMiPSn9/sJRxGe9SgVjGAbT93yP/PISAMDRD1dj84QPMdrLF8M8emDtyHcR
t/pncDgcVIlE2PRPSAOO1uvXpEfdbTxzsFbwbGrIw7qR7yEpR728OlU4WFjD2aqF1rerTJVQBPuW
tpgyfgj2Hj6D3X+ewuz3RivMx5MFPT28OrCXC5UFaYA0BxoArC3N1WqTrE5wSWk5+PwKpfmiLTqN
UPh4Q5w8Jx1oYd/SFr495H/0xgcNxJHQcJy/fAsPUzPhqsaPq1s7Z3zxyQdY9c1OxN1/iB17juPj
ue/Uv6ICl2/Esj1kIwb5yT03PMAXS9b8gJLScvxz6SY78UN11f9mpiYN/0Kt6XUdQxmGYfAivwhp
Gc+wY89xNs8+oG8PuYBdXapMFlJz4hNF3n8nEEdPRbC94oA0gJQN2NWWyzdi2QFk40YOgEtbR5XX
FYnEeP6iAPGJj/D99j8Rd196VWTVkhlo7dhS6XorvtxW78QzY4b3w56f5Gfo4nA4CN6wGPYtbbBj
z3FkP8/DJ+ul2+nzlhdGDe2L/n5d4d7eWdEmWdaW5ji6+2us+HIbrkTGsaXZAGBC4EAMGfgWBvip
NhGLMumZ2extTU94HqZm4sjLwbbzZ47XuLRiWTkfCz+X9uKNGzkA/f26qr2NhAep7LFeu+z9er+P
nR2lKX1JKU9QzhfUO7kVadqqB7AmWujwG+DWBa4t7KGro6MwHURfVxdz+43Egr+2AwDuPU1DP1fF
J5DfjfuADXSr83Roi+7OrojJeFgrzioWlGPXNekJZc82bljsX7usqrGBIfbPXIG2q6STmF19dB9e
jtJxHrfTU3ApRXpyOM1nEMZ3q11bvUNLJ8zpOwK/XDmN32/8gx8nzdX4M/y6NdkAWlHPMwCUVggQ
uH2tgjUa7sugaVgzcspr2bYiVUIhAGDymMHYe/gMHqZl4urNuFqXLjOycnDqvDRt4P0pQeBwOKis
EirdrlgsYQehqDsxg1612QXL+ILXUj9ZkYrKKvz+l/Rs94MpgbUGKfX37QobK3PkFRTj1PlragfA
s94bjRNnr+B2XBK+3Pw7hg300ag+7ZGXubU+3T1qBRx2tlaYGOSPkFMR2HfkrMIAukooYm8r+074
/WAYPl73o9I2RJ39DR1cWtd6/HUcQ1UC2xGD/PDr959qNAujtunq6mDRrIl4b8F69jFVxwBUdz8p
tVYdaL6gQq7WMSCd5Gbj53Pq/IJX5WRz5ZLpWDZPs5M6VVhZmOGbVfMwMcgfh05cwJHQcBQVl+Ha
zXhcuynN0fTp7oEPp45B0NA+tSYckeng0hon9mxC2IXrOHH2Cjvg72jYRXaA88Qgf8yYPBK9e3VR
uI265BdKe+z0dHU1PsHcdUDa+9yutT07ME9dDMNgxZfbcTfxEawszLDh0w/V3kZRcSlmL/8WQpEI
vj08MW3S8HrXMTd9dVWqpIxPAXQzJ2FejRXgoOFB4JReA+tdxsHiVZ5+TonywaieDsp//9rZtpQG
0NkZYBiG/X77NykWQrH0N2zZIOUnp22s7bB18nwIqirR3uZVetPx2Ovs7Y8GjlK6/6GduuOXK6dR
XlmBrKI8Ni2kqWmSAfSVh/cUBs//NcIq6RvRp7sHOndoh/sPUvHX8fO1AugjodJyUibGPAQNkZ6x
CYXKA2gulwMTYx7KygWoqDHrWH0qqqU36Ospf3sommhCkcynzzFl3rp6l4u4Gs1WpqjZswsAhgb6
mDF5JL7/+SB2HQjFwg8mqDSVuIyBvh5+3LgUfoHSH8LFq4MR9udmhZNuKPMs5wVCTkn/FjVH9cuM
DxqIkFMRuBoVh8SUJ7UGL1Wf5KeyUvnfUBOv+xgqcmD7Oowc3LvBPQSqTKRia11/z2ZllRA/7joi
99hPu0Kw56fVarXRf/zCepfp6+ON9Z/Mgr2d5pMddHRrgx2bVshVv1BGlYlUjHh1n/B26+KObl3c
8eWnH+J2bCIuXr+DI6HhyHqWi6iYBETFJGCYvw+2fr1M6eROXC4Xo4b2xaihfbFl/SJciYrDv1du
4/jpSygrFyDkVARCTkVg8ey3sWrpdLXeY/kv37/t2jho9J56lvMCf/wlnUBo0axJan2+qwveeQgH
X5YM3bdtrdrT1VdWCbF49Q9ITE5DW2d77A7+XKXjUH0CnOKSMrRqYa1ew0mTUr20rriegbfqqBBW
YceVMByPvY7nJUXILi5AWWXdgwbVocuVdoZUioSQMAx0Xn4Wk3KqpVjZ1X3VbeGA2gHyvadp7PYr
hEJEpiqu9iVLUwGA5JwsCqDV0c/VE+sC3/vPB9Gy3kgOh4O508di4eebcfhkONYu+4D9wq6orGJz
bme9O4rtlREKlQ/g4XA4cGvnjDv3kpGiZlksWV6knq5unTm6nTu2U+kHwdBAX6X9/vW3tDKFT3cP
dHRVHEgFDemD738+iOznebgSGaf2tOOd3Nti/YpZWPfdb7gdl4Rf9h7H4tlvq7z+qfPSs2c9XV2l
lQUG+HVje3lPnrtSKyi0tnp1CTc9K7vm6gCAkYP90LOrfE3ZP4/9g1/2/l1n+17HMVQU2J765xq+
2y79bJqbmWjl8ppLWwd4dmz41LW79p9kB2y1srNB9vM8nDx3BSfPXW1Qigkg7dH08nCFazsn9PTu
iEH9eqr02hWdbG4M3oN/LkbheW4BHFUcgNjKzkYrxwiQfi77+nijr483Vi2Zgcjoe1j9rTTF6VxE
FN6dtw7Hfv+m3l5gC3NTNpjetGYBQv+5hlVf70BeQTF+3HUYFZVV2LRmvsrtKpTlU9dTClKZ3/8K
g1AkgoW5CcaO0Cwn/9f9J/Hl5t+ltzd/pnbllsoqIT76fDNOnrsCKwsz/LXzS5UHUpqavKrRXVbH
IHHSPFRPCdXWgLjrjxMwZfcmZBTkamV76qjeo+2kwSyJT4ukpR9FEjH6fr9MpXWScjIwqKP66VNv
QpMMoAFpvURdLhdrQvfJPW7BM8HBDz6FhZH2B2A5WLzZs/3ql3cCB/fGsi+2orKyCn+fuYyFH0wA
AIRfuc3m3FZPCai+riLOjna4cy8ZqenPUFklVLknRpaP6dLO8Y3lHT3LecGmqETFJMDCdXC96xw5
Ga52AA0Ac6ePQ9j567gdl4R13/2Gwf16qZTKwTAMfn95IiMUidC+14R619n9ZyiWzpksdxJhaW7K
DhpNepiucD07W6takz60sqv7vfm6jqGiwLatcyvsP3oO2c/z8NUPe3Dm4JYmMfVwSmoGO6ixk3tb
hOz6CgPHLUBuXiFWfLkNfj09Vc7PzU080+DeeRlFJ5vL50/BPxejUFBUgl/2/o3VS2cqWfv109Hh
os9bXjj7VzDmrfgOJ85ewa3YRBwLu4gZk1UfOMczNMDbowPQp1cXBL63HGkZz7Bz3994d/wQtkJN
fWRVLlLTn8ldOlaF7FgCwIKZEzQapHvg6Dk2z/zb1fNrTWdeH7FYguVfbMWR0HCYGPNweNdGhelW
ylQfGM5TsfOBNF3tbF6NacgoeFHHkqp5kv8cQdvXoZBfhlbmVlgwIAiDOnSFo6UNWppZQYfLxcn4
SIzZsb7+jWlAh9Ow7/kKoXpXxIG601AaW+P/6tVh9YgpWBf4ntxjRYIyrAvbj44tneDbrqNW/73J
AYQ1WZibYvZ70kseuw6chFAk7Z3+45D0cqRfT094VJtwoT7dPN3Z27erDaiqy/0Hj1FQJB0d20eD
/EVNHQu7pPY6R0LDNZpsQJbKIbN4dXCd+eQykTH31Z7kIq+gGBHXYuQe43A4GD1MWjv2fhyhAAAg
AElEQVQ6MTkNTzIV90Kr600eQxNjI6xYIK0RHBWTgLAL1+tZ4/UTicRYsvoH9nPzw4YlcGhli69X
zgMA5OYVYtXXvzRmE+X09O7InhBv3X2UrbCjbdm5+biX9Bj3kh7LzaKnCM/QAF+vmsfev3j9Dnv7
UVoWu536JgpyaGWLr6rNrqhOSUxZ0CsUiV71Rqtof8hZlJULoKeriynjhqi1LgCE/nOVHTS4askM
heXv6iKRSLDqm1+wP+QsDAz0EfLb10pnJ1RGlgMOvJ5BxuTNam/7qjrPucToOpZ8RSgWYdTPX2D4
1tVYckT+O2tpyE4U8stgzjPGlWXfY9Xwd/BW2w5wsLCRSw98XdrbvspnzipUv0e9Q0vpwPUWphZg
fjmn0r+vRmu3/Kg2NekAGpD2RNcMom8/ScGQn1bWWyi8uZH1dqRn5eDyjVikpGbUWcu0LgP7dGdv
73kZhNfn4PEL7O0hA1Sf/KAhRCIx9h45A0D6+mWTLyj7F3bge3bdk+euaLTPTu5tsW75BwCk9WJ/
eznoqC5/vxws5exghysnd9TbTlmvraKpt0e9DKCBVzMaNkRjHMN3xg1hK0Z8ufl3tXPtte23P0Nx
47Z0yuj5M8ezlWrGjezPTrAScipCpanW35QVC6Xfa5WVVfjx18OvZR+Xb8Si76i56DtqLi5H1j8t
sL2dDVs7XHblCwC2/36U3U52br6y1VkubR3Y23kFqk8yY2b6KmgsKCxReb1yvoCdOGXmOyPVzlkO
vxqNaQu/BCCdHXT5fPUGkzMMg/Xf/872gB/csR6+PZRPmqJM9bkATCiAbvZMDXkY0Vl6lS8u8zGi
0uqeZAsArj9OxKm7UTiXEC1XqlcskeB8orRDJtDzLbi00H7N+PpU36csHUOZOxmPEJmahJTnWexj
nVpJB97nlhYht1TzyaeaiiYfQAPKg+hhP62SSzZv7rp0cmFrlv7193m2V7GlrZXao8k7d2jHBhFH
wy7iwSPF6QIyObkFbO1U+5a2Daqdqo7rt+6yJfcmjvJnJ19Q9q/PW15srdzfDoTW2xumzNzpY9HD
Szrd8KpvdiI3X3lPbGFRKfa9nB1t8pjB6NLJpd52vvOyVvffZy7LTbgBSPOkW75M0fhlz994mt2w
S3uNcQwNDfSx+mNp2sGjtCwcVmEmzdclJTUDa76V1lJu7diS7R0HpAPevlv7aoKV5eu3yfXyNSbX
dk6Y9a70qtPvf4UhMeWJ1vdRvZby9Vv11xbOepbLllrs1uXVVazqV7+i4xQP/KkupVo9Z2X5+Io4
O7y65C27GqaKIydfXU2ZrmSArzJXIuPYgc5zp4/FuuXvq52+9v3PB/HjLulJ0L5ta9mTNnW9ePka
HO1bsDX5SfP2ReBU9vbWi3V31jAMg2/OHWLvD/d4lWJXLChn4x0TA+WDhe9mpWna1Hq1sbZjb/8d
p/zKYyG/DD2++Qh+3y3Fwduvro52avUqnWn39brnIygo1/6srNrWLAJoQHEQfSM1ESO3rYFA+N8J
oj+cKq2reCzsEhvQzp46Wu3R5BwOB5vWLGDvj5v5OTu4qqbU9KcYO/NT9vL3t6vnvbHySbLSV2am
xioP1pkQKC3lk/w4Q+MZE3mGBti8fhF7XyBQ/h46Gx6Jypc9rLIZ/epT/YSn5syEZqbG7L6FIhGC
pi6vc+axktJyttSYIo11DEcP68vmj3+7db9WJ9RQVc3UjW9Wz69VP7h9Gwes/fh9ANJc8XXf/fbG
26lM9RJ7slkTtalbF3f2ZGn770dx4Og5pSdMxSVlWLr2B/Z+D69X6QcTAgfC5uUA2CWrf2DHSijy
MDUTK6uly6gz8NGz46tAXVZRpj6VVUJs3S2dcGFI/15qpbrdjkvC23NWo7KyClMnDsdXn89VO5//
x12H2b/d9m+XY9TQvvWsoRjDMOxn0b9P9yZb+5aop2cbN4z07AUAOHjrIhYf3qG0Ise2S6E4nyhN
nRrj7Qffdq8+g1bGpmj3siTc2YRohZOkHI6+jHVh+9n7lXVU69JEx5bOCOjgDUAaAMumKa9pxbHf
2O+ZCdVqPQd1eYsNwlef3IPwB4qvisVmPkbHL2Zj1v7gJt1J2mQHESryxcsAunp1jkspdzH65/U4
tWA9DHS1M+inMQ0Z8BasLMxQUFTC9sAoqiesiq6ebti8fhGWrfsJz3JeYPDERZgzbSy8O7vCpa0j
nmRm427iI/x59B92X3Onj2VL5b1uuXmFOPSycsS744eqPK31oH492YF4x09f1OhSKQB4ebhi5ZLp
+PqHvUqXYRgGew5LU2DatbZXqdwYIA3afHp0RlT0ffy6/yTmTBsrVyd55ODeWDpnMoJ3HkJq+jP4
j1+I2e+NgndnN7i1d0ZeQRFSnzxFfMIjnL98E0XF0i/LBe9PgEubV+WDGvMY6uvpYfXSmZgydy2y
n+dhz+EzWPKh6lVNqnuU9lTlQXudO7Rjg4s9h0+zqRtvjw7ACCUz+b0/JQhHQsMRey8FB46ew+hh
fTG4fy+N2qpNrR1bsu+D0xeu49rNeKUnQdnP83Av6bFK223r3Or/2Lvr8Liq9A/g33FPJu7etEmb
upe6IG2htAVKoejuArvsYmss/NhlBVbRFYpbgRYrpU7dU28ad3edyURG7++PSW7mjk86aSrv53l4
6Ny598wZy7z33Pe8h52Q98qLv0B1bSNyCsrw89+9go82bsf9dy1FdGQogtUBaGnToLisCm+8+yU7
irtsyQ1YtmSgFKI6UIVP/vsHrH74d2jr0GL+yp/hjuULcNPCGYgIDYZcLkVDYwvOZBXgdZt0lN89
eb9Pi8ykJsdDIhFDrzfgQnaRy/fT1tbdR1FWaa0e5EvN73MXC7H64d+hp0ePjLRkPLBmKfKKPI/e
JSdEswMMH2/awZ6QrV1lnSzpzXvk7KSiuLyazYX3NXeaXNn+tvJhZJYVoLVLizcPbMHJikIsy5iG
aUmjYDSbUNXWhA0n97Nl3ZJDo/DB/c84nEQ9s3gVfr7xv6hqa8KYPz6CpxetxKT4VBQ31WLDyf0O
S29rel0vtjYYPB4P79/3DDL+9Ch0+h4sfO23+NWSOzA1cSRi1CFgGOCVvd/guwvWVLm1U+cjI3rg
ClSgTIHPf/QsZv3jaVgYBotffxaPzFmKealjER8cDj6Ph125Z/D3H76EwWTC2aqSvrrT3v2uXW5X
VQANOA+i9+Sfw+q3/4zNj/2eU3fxaiSXSfDI/bfjb29aq4+sWjYf8W5WJ/PkR/fcioy0ZDz9+zeQ
V1iOtz9xXgotMiwYLz33GFYv91yo3V927D3Ojhwuc1K32JXAACXW3L4YG77ehU++2oXnnnyQXUHR
V7/40Z3Ysfe4yxG17PxSdlW7++9a6tPo1H133IzMMzmorGnAiTPZmDNjAuf+P/zqR5g9fTyee+kt
FJZW4d0N37tsKzw0CC888xDW3XEz54/qcL+GNy+YjhmTxyDzbC7+/p9PsXblEocKIt549Fd/83rf
/goZZZW17DLY6kAl/vzsoy6PkYhFeOXFJ9j6zr968d84vOWtIVlO3VePPbAS6z/ZjJ4ePf7y2ocu
q5q89vZGvPb2RictONr3zb8xeZw1RSk6Mgzffvg3/OW1D/HJlztxJqsAZ7Kc52LKZBI8dv9K/PKn
ax1OxmZNGYvdG1/Hb/70H2SezeUsnmIvNjocv3xsrU9VPADr+7R25RJ8tHE7Pt/8A375s3vcXn0z
my148z1r3e8JGak+lZz74IttbLpKTkEZFt/hedEgAJw5Ds++9D92+xff/oAv+mpHe9JRvMdh26lz
A5O9B5sCQq5MGdGJyP79etz93l9xuDgbJ8sLcNJFPvSdk+fg5RUPIchJpbHH5i7DdxeOY2/BedRr
2vCbb9/n3D8+NhnP3XI31rz7MgAgt8596uZgJISE4+Szr2PdB//A+epS/GvP1073++nc5Xj9rscc
ts9MTsfJZ9/A/R/+E4WNNXjnyA68c2SHw36L0ibgs4d/i0CZwuG+K8VVGW06C6K3Z5/C3e/9FV/+
5PnLMht1KK1eNp8NoNfdcfMltzd90hgc+u5/2L0/E5t3HkJZZR1KK2oRGx2O5IRoLJk7DauXz2dH
rC4HhmHYCXShwYGYNmm0T8ffdtMcbPh6F/R6A3buPzGoWfeANZXjjb88jXm3O69Va5t+caOPI5a2
6R5fbd3vEEAD1h/Kw9+vx77Dp/HN9gMor6xHSUUNoiJCkRgXhfTUBEwel4bZ08c7BLhXwmvI5/Px
3JMP4rb7f42eHj3+88HXg1q1zVf95cL6U29efu6nHkvUTRo3Cs88thavrv8ClTUN+POrH+JfL3oX
NA2liLBg/Ppn9+JPr3yAzLO52L7nOG69yb9XgcJDg/DmS8/gx/fehsyzuTiblY+ismpUVjdg/JhU
pKUmYGx6Cm5eOAPB6gCX7YwbPQLbNryCzLM5OHkuFxfzSlFQUgmNphNTJ45G2ogETBw3CovmTBn0
IiZ3LF+AjzZuR01dE06dy3X6vem35/ApXMwrAQA89cjdV3Xaw8G+qierls33um40uXpEBQZj/9N/
x1uHt+FsZTGKm+pwoaYUoYoAjI9NxpjoBNw9ZT7Gxbouqyrg87HriZfw3rFd+OzkfhQ11cJgMmLO
iAzMGzkOj8+/FTzwcOu4GTCaTeyqgf42OioBp559E+8f343DxdnIri1HWUsDRkfF48b0yVg7dT7G
RLsu3zgtcRQuvrAe7x3biaMluciurUBZSz2SQ6MwMS4Ft0+YhRXjZ17xsRyPGewsrCuAs+W+754y
Dxse/u0V/8ITQghxZDKZMfWmh1FeVYdH7luBf/ze86qQV7vyqjpMXPQAAODz9X/yKnWFEDK8ruoo
09nEwo1nDmHdB3/367KZhBBCLg+hUIAX+iq8bPxur1dl8652/cvPz5g8Bkvm+b5AFCHk8hO8+OKL
Lw53Jy7F/JHWBT8OFQ2UaMqpq0RFayNWjJ9xVV/SI4SQ69GoEfE4l12I/KIKtHVosXzJDcPdpSFT
VFaFx5+11mb/4u0/IyrC9yWSCSGX31U9At3P2Uh0oEwBHih4JoSQqw2fz8crLz6BqIhQ6+S8zY6T
7q4FXd09+OUf/g3AuvqhLyX/CCHD65oIoAFuEP38LWvx5pqf0ugzIYRcpeJjI/HZ/16ERCLGE8+9
Ouh65Vcqk8mMn//uFRzJvIBVy+bj6UfvHu4uEUJ8cFVPInTmcHE25qZenlX0CCGEDK3TF/Lx0JN/
wbjRI/D5W38c7u74TebZXNx891P4xY/vxPNPPQipRDzcXSKE+OCaC6AJIYRcWxqb21BUWuW2pN3V
xmA0YsfeE7j9lrnD3RVCyCBQAE0IIYQQQogPrpkcaEIIIYQQQi4HCqAJIYQQQgjxAQXQhBBCCCGE
+IACaEIIIYQQQnxAATQhhBBCCCE+oACaEEIIIYQQH1AATQghhBBCiA8ogCaEEEIIIcQHFEATQggh
hBDiAwqgCSGEEEII8QEF0IQQQgghhPiAAmhCCCGEEEJ8QAE0IYQQQgghPqAAmhBCCCGEEB9QAE0I
IYQQQogPKIAmhBBCCCHEBxRAE0IIIYQQ4gMKoAkhhBBCCPEBBdCEEEIIIYT4gAJoQgghhBBCfEAB
NCGEEEIIIT6gAJoQQgghhBAfUABNCCGEEEKIDyiAJoQQQgghxAcUQBNCCCGEEOIDCqAJIYQQQgjx
AQXQhBBCCCGE+IACaEIIIYQQQnxAATQhhBBCCCE+oACaEEIIIYQQH1AATQghhBBCiA8ogCaEEEII
IcQHFEATQgghhBDiAwqgCSGEEEII8QEF0IQQQgghhPhAaDQah7sPhBBCCCGEXDVoBJoQQgghhBAf
UABNCCGEEEKIDyiAJoQQQgghxAcUQBNCCCGEEOIDCqAJIYQQQgjxAQXQhBBCCCGE+IACaEIIIYQQ
QnxAATQhhBBCCCE+oACaEEIIIYQQH1AATQghhBBCiA8ogCaEEEIIIcQHFEATQgghhBDiAwqgCSGE
EEII8QEF0IQQQgghhPiAAmhCCCGEEEJ8QAE0IYQQQgghPqAAmhBCCCGEEB9QAE0IIYQQQogPKIAm
hBBCCCHEBxRAE0IIIYQQ4gMKoAkhhBBCCPGBcLg74G/McHeAEEIIIYRw8Ia7A352VQTQ/UExz8k2
QgghhBByZXMVtzmL7a6GYPuKDaAZWF9Axm6b9R9O3gae3cvtbB9CCCGEEHL5eIjPGCf72MaAV2ow
fUUF0PZBMwMMvNA8nvugmAJmQgghhJArizfxmZNYj+kLqq/UYPqKmEToMMrc/0LavugUIBNCCCGE
XLucxX0M4zwbYZhdEQE0YBM4OwueCSGEEELI9cUuJrySIsNhS+HgvAiDCJZtE82vpBeUEEIIIYS4
53Nahk2syNjkTA9XWsfw5kB7GTi724uCZ0IIIYSQqwtj939bHoNi25zpYTIsATQnz9ndPgDMJhMs
FgvMFgsYiwUMpXYQQgghhFxTeDweeHw+BHw++Hw+BEJriOo2RGYYMDzesIxCX/YA2pvw18IwMBmN
MJlMEAgEEIlEkAqF4Pe9qIQQQggh5NphsVhgsVhgMplgNBphMBggFAohFInA9zDSPBwVOngGg+Gy
Dem6q+Pcv8VkMsFoMFiDZqkUAoHgcnWPEEIIIYRcAcxmM3p7e2E0GiESiyF0NyLdF2BfziD6sgXQ
[...]
qQfNgCpqOHw6RcKo0+DmtTMo3/lX6G9ckai0HsDLGz3n5QEy63NOQ30FLr37oPBZ0WMAOgx7Gd4d
ekHmo4S+tgz1Z/ehct9briwxERERiYQJdCukuncslBFDba5r/+ALaDdkFgz1Faj/9QDk/p2g6BmP
LmmrUPp5GgyaGheX1jP4dIoEZF7QlpzCzas/W6wz3KwTfvYODEPnRz+EzFsBzW950NeVQdG9P9Tx
j0Pmo0RF1muuLjoRtRFGoxH9+vVDbW2t1bq+ffviq6++slim1+tx/PhxZGVlwdfXFwsWLHBVUT3W
ggULsHnzZpvrcnNz0bVrVwBAaWkp1qxZg9zcXJw/fx59+vRBSkoKJk+eDF9fX1cWmUTCBLqV8VIF
oUPyfOhryyH3D7JY592+B9T3Pwl9TSlK1zwGfXUpAMC/7wQEjnwD6oH/g6rv3pei2G7Pu2MvAED9
2b24cfjDZrdTx0+DzMcPFd/8H9TkrQUAyLyV6Po/6+EfPQpVB/8JQ32lS8pMRG1LZWUlamtrkZaW
hv79+1us8/f3F34uLS3Fxo0bsXnzZhQXFwMAZsyY4dKyeqpLly5h0KBBSE1NtVoXEBAAACgrK8PE
iROh0WgwcuRIjB49GseOHcOrr76Ko0ePYsWKFZDL5a4uOjkZE+hWpuOfXoFcFYjKAyvQIXk+YDQK
6xQhcZDJfVBXuEdIngGgNn8r2g2eBb+oFCbQzfBuFwwA0FVevO12iu79YdTWoebEBmGZUdeAhl8P
QD1oOpThD6DuVIaoZSWitqm8vBwAMHr0aAwdavsuJAAcOXIEWVlZeOqpp5CUlISHHnoIMpnMVcX0
aPn5+Zg5cybS09Ob3eazzz5DZWUlsrKyEBISAgCYPn06Vq1ahSVLluDJJ5/EgAEDXFVkEgkT6FbE
756HoIoeidqftkB3vahxoVmjKPNRAQAMDVVW39XXXIVv13tdUk5PJA/oDADw7zcR7R98AfJ23aCv
uozq42tRc2yNsJ2XqgP0ddcBg87i+7rqEgCAd/sQ1xWaiNqUsrIyAEBwcPBtt0tKSsKYMWMgk8lw
8+ZNAI3DP+j2qqurUVtbKyTFzTl16hRiYmKsths0aBAA4OrVq6KVkVyHCXQrIfP1R4dhr0BffRUV
+5dC2fN+q220V08DABTBfS2WywO6wLtDCGS+KnipgmCoK3dJmT2J3L8xgfbtEg3NpRPQVRRDERKP
jsNeAYxG1OR9AQDwUrSDru6C1fcN9Y0nLXJVoOsKTURtiimB3rZtG37++Wf8+OOPiI+Px9NPP42B
AwcK26nVaqmK6NGuX78OAPjhhx9w8OBB5ObmIjw8HKmpqUhPTxeu4n/88cc2v2+6QxAbG+uaApOo
OI1dK9EheT682/dA5f6lMGqtHyABAO3lH6G5eBTK8AfQfuhL8O4YBtW9Y9Fpwr8hV3eDUadh8tyM
qm//hapv38HlD0eibOtcXNv0DErXToPxZj3aDXrq1oY2ZumwwNukRCSSa9euAQAOHTqEuLg4PPbY
Yzh9+jTS0tJw9OhRiUvn+UwJ8LfffosuXbpg5syZ0Ol0WLRoEVavXn3b71ZXV+Ptt9/GoEGD0KNH
D1cUl0TGK9CtgKLn/Qjo9wjqf9mPusKs225bvuNldEr9N9oNnoF2gxsfGtH8dgw3y89B5q1wRXE9
kq7qktXDgzev/oz6cwegihoJ326x0JYU3HE/RoNerCISURs3efJk3HPPPUhMTBQeUps+fTpSU1Px
z3/+E2vWrLnDHuh27rvvPqxbtw7R0dFo3749gMb4LliwAO+88w5SU1MRFBRk87srV67EhQsXsH79
elcWmUTEK9CezssbHYcvhuFm3V3NM6yvLkXp52ko+/ovuL7zf3Ft83O4uu4JyP07wVBb5oICty6m
hzG9O4YCaBxfLvP1t9rOy69D4/q6664rHBG1KSqVCg8++KDFDA8dO3bEtGnTkJOTIwxBoJaRy+UY
PHiwkDwDgLe3N6ZOnYrq6mqcPHnS5vc+//xzfPrpp3jvvfc4fKMV4RVoD6eKHgmfoAgAQPDT1lef
/WNT4R+biqpv37G4glpvdqXav+8EeCnboaH4sPgF9kAyX390mfwJtJdPoOKb/2OxTh7QBQCgq2ic
CkpfWw6fjqGAl7fFg4SmWTz01XxZDRG5Vrdu3QA0DvEIDORzGM7WuXPjMzK2Hg7ctGkTXn31Vbz1
1ltITk52ddFIREygPZz28k+4vvN/rZZ7d+yFdgnPoqEoB3WnMqBt8vIPE2VYAto/8Dz0tWW4cfgj
sYvrkYzaWsi85FDFjEf1sTXQVTY+JOgdGAZl+IPQV5cIwzc0vx2Db9c+CLhvEmqOf9m4Ay9vKP+Q
BKNOg4YinqQQkfPp9XosWrQIgwcPxoQJEyzWmcZGmxI9apnVq1ejrKwMCxcutFhuenizS5cuFssz
MjKwcOFCvPzyy0hLS3NZOck1mEC7ircS0DU4fbe6ygtCQmfO7w+NZ7r6mquoPfm1xTpV9CioolIg
b9cdvt36QF9XgYo9b8IoQvkseCvF3beI5a/67j10Sv0nukz5FLX52yDzVcG/byq8fP1RcXClsF3N
sc/h3zcVHZIXwLt9CHQ3rkDVezh8AsNRe/Jr6GuviVZGUeNLRA7z8/NDfX09AKCkpES4MuwMcrkc
N2/exAcffICUlBSoVI3TltbU1GDdunVITEyU7Orz5cuXhZ/9/PxEO46Y8QUah8h88MEHSE1NRe/e
vQEABoMBmzZtQvv27dG3760Zrnbv3o3nn38e8+bNwzPPPOPUcjTlqviSJSbQLuKlCoLhxiWpiwEA
8O1+HxQ946GruICa4+tRlfP/XDL7hpfK9sMVztq3mPGt/2Ufyra9gHZDnkZA3GOQyX2gq7qEyh9W
obbg1utxdVWXcG39THT88//Cv+8EyHxUMNSVo+b4l6i4izHqjhAzvkTkuE6dOuHixcaXMZWVlTk9
wZs7dy7GjBmD6dOnY+bMmairq8M777yDCxcu4O2333bqsexhugIONMZALGLHNzU1FZs2bcLMmTPx
/PPPo1OnTvjkk0/w7bff4rXXXkPHjh0BAAcPHsSzzz6L5ORkPPTQQzh16pTVvqKiopz2NkJXxZcs
MYEWmWleSK/2vVyaQNf/mo2Ly2w/rFC57627euDQ2bzaN74O25lvvHJlfOt/2Y/6X/bfcTttSQFK
1zwmallsESO+ROQ4U53s1auXkOCdPn3a6Q+UhYWFYefOnfjoo4+wbNky1NbWon///vjXv/6FmJgY
px7LHj//fGsIYa9e4vUDYsdXqVRi1apV+OSTT7Bu3ToUFxcjJiYG77zzDsaOHSts98MPPwAAsrOz
kZ2dbXNfx48ft3gY0RFix5dsYwLtIvLO0dBdzJW6GJKSd44Wdd+Mr3jxJSLHxcTE4LvvvgPQOJfw
pEmTnH6M0NBQvPnmm3e9vY+PD86dO+f0cpg7ePCg8LOYibwr4tu+fXu8+OKLePHFF5vdZv78+Zg/
f77Tj90cV8WXLHEaO5HIZDLhDFAmk8G7e5zEJZKed/c4i5g4cobM+FpzZnyJyHFN2ynztwEeOHBA
qmK5lNFoFJJaABg4cKBo/QDj69z40u0xgXYR7x7xkLXhMaoyVRC8e8SLtn/GV9z4EpHjBg0aJIxR
vXHjBnbv3i1xicSXkZGB6upqAI3jcwcNGiTasRhfceNLlphAO1nTsz3TGaBMJoNPZIpEpZKeT2SK
RSzM2XOGzPja5qz4EpHjbtdOjRkzRli+bNkyGAwGVxfPZQwGA5YvXy58HjNmjOj9AOPLfsBVmECL
yPwPViaTwafPhNts3br59JlgFQ9HMb63iBFfInJc03ppPi73119/xfbt26Uolkts3boVFy7cmmZ1
0qRJovcDjC/7AVdhAi0y87NBebvu8ImdLHWRXM4ndjLk7bo3e2bsCMZX3PgSkePM62ZISAimTp0q
rHvzzTdRWloqYenEcfXqVSxZskT4PHXqVISEhIjeDzC+7AdchQm0SJoO4pfJZPDy8oLvwJmQBTh3
bkp3JgvoBt+BM+Hl5WVVsR19eMT0X8bX+fElIsc1104999xzCA4OBgCUl5dj1qxZ0Ol0UhbVqbRa
LWbMmIHKykoAQHBwMJ577jmX9QOML/sBV2ACLSJblVvuq4Iiofnpb1ob34QXIPdViVKpGV9x40tE
jrPVTqlUKovXQRcUFLh02jOxzZ8/HydPnhQ+L1iwACqV6/oBxpf9gCvIFy9e/JoUB/b2br1TUNv6
ozUajcI/WbsQGOUKGC4flaB0ruNz/7PwjRoLLy8vq3+O3GZifBuJFV8ictyd2qlevXpBoVAIL90o
LCzE4cOHMXz4cCiVSlcX1ymqqqrw1FNPYf/+Wy+cmjt3LlJTU13eDzC+bacf0On1AADhtzSdQDTd
sLnlLcQEWkS3+/WftgIAABoLSURBVKP16hILo0EHQ+lPLiyR63jfNw2KAU9CLpdb/DOv2IBzbt/Z
wvjyCgSRO7hdHezXrx90Oh2OHz8OALh06RJ27NiBYcOGoUOHDq4qolP8+uuvmDx5ssVb8aZPn45Z
s2ZJ1g8wvm2jH2AC3crczR+sV7cBv18pPeaCErmO98Bn4DvgidtWakfPihlfceNLRI67mzoYHx8P
pVIpXCm9ceMG1q9fj7KyMkRHRyMgIEDsYjqkpKQES5cuxd/+9jdUVFQIy+fOnYuZM2dK3g8wvq2/
H5AqgZZptVqjM3Yk7MRotL3893Wmz0qFwhmHdWvG32NhNBphMBiEf3q9XvhnMBhws/g76L7/F4w1
nv2ksCygK7wHvwCf0D/Cy8vLZqV25lkx4ytufInIcXfbTh08eBD/+Mc/cOXKFYvv9+vXDwkJCRg8
eDC6deuGjh07omvXrlL8KigtLcX169dRWlqK3NxcfP/99/jpJ8u7fMHBwZg/fz6GDh3qVv0A49t6
NWg0AJhAtzrmY7KMRqNQmc0rtsFggF5bD13eKuhPbZS6yC0iv/dReMfNgNzXT6jA5pVaLpdbnBE7
q1IzvuLGl4gcd7ftVF1dHT744AOsW7dO6iK3yJQpU/Dss89CpVK5ZT/A+LZOTKBbKfOz4+bOkM2X
GaovQ3/6a+jP7QHqr0tc+jvwC4Q8Yjjk0ePhpe5ucfbb3Bmxs8+KGV9x40tEjrO3nbp06RK2bNmC
Xbt2oby8XOLS315QUBBGjRqFiRMnokePHh7RDzC+rQsT6FbsTpXbIsEzGG6dRV/Jg7HkBAzlZ4Ab
v8FYfx3QNUjzS3grIfMLBNqFwCuoN2Td+kMeHCdU1qZP/7qyUjO+bbPRJPIkLW2njhw5gry8PJw+
fRoXLlxAeXk5GhqkaaeUSiWCgoLQq1cvREdHIy4uDvfff79btFOMb9vtB5hAt3JNx2k1reDNVW7T
d4xGp/xvcljTCmqrUjet0K4Yj8X4tr1Gk8jTsJ1iP3A33DW+7kqqBLp1T4XhRmQyWeMcxb//oZtX
1KZjlry8vCwqt3kFl1LTCm1eaW1VZleeETO+ba/RJPI0bKfYD9yJO8eXLDGBloDpD9z0h28wGCwq
i6kBsFWpparcTStncxW76XIpKjPjS0Tuju2Ua8rK+JJYmEC7kOmP3FRxTUxnyuYV27Ss6dmx6ftS
lNv0s61/5hXZ/F/T77uinIwvEbkrtlOuKSfjS2JjAi0B87Nf889Nz4g94cz4TpVZqisPjC8RuTO2
U+KXlfElMTGBlkjTym2+zNZDDU0rtKsqeNOK2bRi2/q5ue+6EuNLRO6O7ZS4GF8SExNoCTV3q6lp
pZfytpJ5mW73sztWaMaXiNwd2ylxMb4kFibQbsBWBTdVbvP1pm2kYKuyNnfW7G4YXyJyd2ynxMX4
krMxgXYjTc+E76YyuQN3LJMtjC8RuTu2U+JifMlZmEC7IVsVRaozYls8vSIzvkTk7thOiYvxJUcx
gfYQrEziYnyJyN2xnRIX40v28JK6AEREREREnoQJNBERERGRHZhAExERERHZgQk0EREREZEdmEAT
EREREdmBCTQRERERkR2YQBMRERER2YEJNBERERGRHZhAExERERHZgQk0EREREZEdmEATEREREdmB
CTQRERERkR2YQBMRERER2cFb6gLQ3TEajVIXAQAgk8mkLoIoGF8icndsp8TF+JI9mEC7IXepxLbY
KpunVXbGl4jcHdspcTG+5Cgm0G6kaaXJycnB4cOHUVBQgPPnz+PatWuor6+XpGx+fn7o3LkzwsPD
ERsbiyFDhiAxMRHArXK7ewVnfInI3bGdEhfjS84i02q1TjkNE3bS5I/T4pPRKHxWKhTOOGyrYF6h
L168iC+++ALbtm3DtWvXJCzVnXXu3BmpqamYOnUqevbsKSx3twrO+BKRu2M7JS7Gt/Vq0GgAAEJE
fo+NVYSaW95CTKAlZF6h6+vrsXLlSqxatUrCErXcjBkz8NJLL8HPz09YJnUFZ3yJyN2xnRIX49v6
MYFuY0yV2mg0Yt++fXj99ddx6dIli238/f0xatQojBgxAiEhIejYsSO6du0qRXFRWlqKiooK/Pbb
b8jMzERmZibq6uostunRowdeffVVDBs2TKjUUlVuxpeI3B3bKXExvm0DE+g2xLxSf/TRR3j77bct
1vfu3Rtz5szBuHHjpCjeXdFoNMjKysL777+PM2fOWKx7+eWXMWvWLMkqN+NLRO6O7ZS4GN+2gwl0
G2B+K8loNGLlypV47733hGU9evTA66+/jmHDhklRvBbbt28fFi9ejCtXrgjL5syZg5deesmiUotd
wRnfttuAEnkKtlPsB1rCXeLrjqRKoOWLFy9+zUn7sou3d9udAMR0Rrxy5Uph2eDBg7F27Vr06dNH
wpK1THh4OCZOnIhjx44JlfvIkSPw8/NDXFycy8+QGV8icndsp8TF+LYdOr0eABPoVsv8dtI333yD
V155RVg3fvx4fPzxx1AqlVIVz2F+fn5IS0vDuXPnhFtN3333HWJiYhAeHi565WZ8227jSeQp2E6x
H3CE1PF1V1Il0BzC4QLmlbq+vh4jR44UHmSIi4vDl19+2WpOKHQ6HR577DEcPXoUQOPtsszMTPj5
+YlWuRlfceNLRI5jO8V+wFnYD1iSagiHl5P2Q80wr9RGoxErVqwQKnVISAhWrVrVaio10Hhn4aOP
PkJwcDAA4NKlS1ixYoXw+wPOfQMU4ytufInIcWyn2A84E/sB98Ar0CIz/UEbjUZcvHjR4sGFjRs3
Ij4+XsLSiScnJwePP/648Hnfvn3o2bMnZDKZ8M8ZGN9GYsWXiBzHdqoR+wHnYj/QiFegW6GmTwOv
XbtW+JycnNxqKzUAJCYm4o9//KPwee3atVbxcBTjK258ichxbKfYD4iF/YC0eAVaROZnxQaDAQ88
8IDw2tDMzEz07t1b4hKKq7CwEKNGjQLQ+DrSQ4cOwcvLy2lnx4yvuPElIsexnWI/ICb2A7wC3eo0
PQvMzc0VKvV9993X6is1AERFRSE2NhYAcO3aNeTm5jrt7JjxFTe+ROQ4tlPsB8TGfkA6TKBFZH5m
fPjwYWH5kCFDHNrvypUrERERYTGhemJiImbOnNnsd7Zs2YKIiAjk5eU1u83UqVPRp08fVFZWOlQ+
cwkJCcLPhw8ftoiJo1wZ37///e+IiIiweq2qydmzZxEREYFPPvmk2f2+++67iIiIQG5urkPlMydm
fInIcWK1U9nZ2YiIiMDu3buFZW2xnXJlfL/++mtEREQIs1/YEh8fj2effbbZ9YcOHUJERAQ++OAD
h8pnjv2ANJhAi6Dp2Z/RaMTJkyeFZe44ifvp06eRm5sLjUaDb775xmn7Nf9dT548aVWpW1LBPTG+
Go1GGJv39ddfO22/YsSXiBzHduoW9gO3fPXVVwCAzz77DDqdzin7ZD8gDSbQIjKfTqaoqEhYbpp6
xp3s3LkTkZGRePzxx60eRHBE165dhZ+LioqcOsWOJ8U3NzcXJSUlmDdvHjZv3oyysjKn7FfM+BKR
49hOsR8wKSsrw+bNm/HCCy+gpKQEOTk5Ttkv+wFpMIEWSdN5Kc0bIner2HV1dfjiiy8wZcoUjB07
FsePH7c4k3eE+e9aVlZmcWbsjLFvnhBfoHEITUpKCp544gnI5XKL24KOECu+ROQ4tlON2A80yszM
hFqtxqxZs5CYmIitW7c6Zb/sB6TBBFpkpj/k+vp6YVlISIiEJbJ28OBBVFRUICUlBfHx8QgNDcXO
nTudsu9u3boJP9fX1zt9XJYnxLekpAQZGRl4+OGHoVarMWXKFKdd5Rc7vkTkOLZT7AeMRiM+++wz
pKWlQaVSIT09HV999RVKSkoc3jf7AWkwgRaRp/wBb9iwASNGjEBwcDDkcjkef/xxfPHFF80+iGIP
pVJpc7kzb925ux07dkCtVmPo0KEAgNGjR+PUqVM4ceKEw/sWM75E5DhPqYue2k55SnyPHTuGX375
RZhyLikpCWq1GpmZmQ7vm/2ANFrPuy3dRNM/WFeeCe7btw8RERF2fef8+fPIzs7G+++/LywbPXo0
lixZgv3792PMmDEAAK1Wa3F2DwDt27e3u4y24mE0Gu96rkop4wtAmC7obun1eourDkDjU9qRkZHI
yMjAgAEDhG2rqqosvitFfInIcWynbs/T+4G0tDS7v7N9+3ZERkYKsVSr1Xj00Uexdu1aTJs2DXK5
HABQXV0Ng8EgfE+hUDSbIDeH/YBrMIFuRe6//368+uqrNtft27cPK1assFq+a9cui6sOQON4qhEj
RmDt2rVCAn3gwAE888wzFt8tKCgQGtu2YtOmTTYbs4sXL2L27NlWy7///ntcvHhRuOoAADKZDOnp
6Vi6dClefPFFqNVqXLlyxeKNUkDjnYGBAwc6/5cgolaN7ZS4li5dinvvvdfmuilTplgtq6ysxIYN
G7Bw4UKLJHb06NFYvXo1jhw5Iky7l56ejp9//lnYZtGiRZgxY4aTfwNyBibQIpFiEL9arW62Up8+
fdpqmU6nw5o1a1BdXd3sFYuzZ88iMjIS8fHx2LZtm8W6liTPTR/6aOkZsVQPSURHR9v8vX18fGxu
b5qyaNKkSTbX79mzBxMnTkRgYKBVfMPCwuwun7PiS0SOYztlm6f3A2FhYc32td7e1mnV3r17odFo
8MYbb+CNN96wWr99+3YhgV62bJnF9HadO3e2u3zsB1yDCbSbKikpwbJlyzB8+HCMHDnSYl1FRQWA
lt06M3fo0CGUlJTgww8/RPfu3S3WGQwGPPnkk8jMzERkZCQCAwMRGBjo0PHciSvie+3aNWzcuBEL
Fy60uMJv8t5772H9+vWYOHEiFAoF+vXr59DxiKj1Wbx4Mbp06YK5c+daLDcNpXC0XW7r7ZTY8TUa
jVi7di3Gjh1r8wUr+/fvx/LlyzFv3jwEBQU1m5iT+2ECLbKWnhV36NABmZmZuHHjBlJSUoQzyOrq
amRmZqJ///4OD5/YunUroqKi8Kc//cnmGeojjzyCdevW4emnn4ZCoXDoWOac/fR1S7givqYpoCZM
mGAxT6fJ+PHjMXv2bJw8eRIxMTEOHcscHxwhci+O1Mmqqirs2rUL06ZNQ4cOHYTlu3btAgCEhoY6
VLbW0E65c3wLCgpw4sQJzJ4922ZyHBQUhOXLl2PPnj1IT0936Fjm2A+Ijwm0m1IqlXjttdfw8ssv
4y9/+QsGDRoEANi2bRvKysrw7rvvOrT/kpISbN++HX/961+bvb0zbNgwfPTRR/j222/x5z//2aHj
uRux42s0GrFu3TokJyfb7JQA4MEHH4Sfnx927tzp1I6JiFqPOXPmICMjA9OnTxceXsvPz8fu3bux
cOHCFt3iN2E7JW58gcbZTfz8/KzGjpt07doVSUlJWLNmDSZPnszhFh6E09i5sUmTJuHTTz+FRqPB
v//9b3z88cfo2bMnvv76ayHhaynT2XVSUlKz2wwcOBCdOnVy2mTv7kbM+Obl5eHUqVMYPXp0s9uo
VCqMGzcOX375pVOmDCSi1icqKgpZWVmIiorCf//7X6xYsQLl5eX4z3/+g1mzZjm0b7ZT4sa3rq4O
69atw7hx4257R3PMmDE4deoUfvzxR4eOR64lq6vX8Do/EREREdFd4hVoIiIiIiI7MIEmIiIiIrID
E2giIiIiIjswgSYiIiIisgMTaCIiIiIiOzCBJiIiIiKyAxNoIiIiIiI7MIEmIiIiIrIDE2giIiIi
IjswgSYiIiIisgMTaCIiIiIiOzCBJiIiIiKyAxNoIiIiIiI7MIEmIiIiIrIDE2giIiIiIjswgSYi
IiIisgMTaCIiIiIiOzCBJiIiIiKyAxNoIiIiIiI7MIEmIiIiIrIDE2giIiIiIjswgSYiIiIisoO3
1AUgIiJr1TduoLqmBuqAAKjbtZO6OEREZIYJNBGRxDQaDS5cKMb580W4cvkytFqN1Ta+vgp0Cw5G
eHg4QkNDoVAoJCgpEREBgKyuXmOUuhDU9pSXl2P37ixoNVoMSUhAVFSU1EUicjmNRoOCgpPIO3bE
7u/GxQ9EbGwsE2kiIgkwgSaXO3OmEAeys4XPAep2SE9Ph0wmk7BURK515kwhcnNyoNVqW7wPX18F
T0CJiCTAIRzkUtnZ2Th7ptBiWU31DdTUVEOt5jhPahsO5+YiP/8nh/ej1Wpw8EA2rpeXIyEx0Qkl
I3Ivly9fdunxFAoFgoKCXHpM8kxMoMklNBoN9u7ZbbMxHBAXz+SZ2owDB7JxprDQarmPjy9Cw8IQ
HhaO0LBQq/XFRUUoKi5G0fnzuHnT8qp1QUE+NFoNkpMfEq3cRK7kjDs0LRWgVmPc2HEIUKtdfmzy
HBzCQaIzjXeuqa62Wjc0KRm9e/fm8A1qE3JzclBQkG+1PCamL+Li46BQKO5YFxoaGnA87zgKCqyv
YMfG9kNCYoLTykskla1bNqOsrEyy4w8ekoB+/fpJdnxyf7wCTaIqKirCgez9VlcRfHx8MXbcOHTq
1EmikhG51pkzhVbJs4+PL0akpCA4OPiuTyKVSiUSEhMQHNwN2dnZFlejCwp+QmBQIMdEk8dT+QcA
EibQ7XhXlO6AL1Ih0Rw7loc9u7OskufAwCA8MukRJs/UZmg0GuTm5FgsM51Edu/evUV3YMLCwzFu
/Hj4+lrOwnE4NxcNDQ0OlZdIan379kWv0DCXH9c/QI2YmL42h1ERmeMQDnI6jUaDw4dzbY7zvCey
NxISEqBUKiUoGZE0jh3Ls5qqbszYxuTZUUXnz2PPnt0Wy+LiByI+Pt7hfRNJyWiUJj3hkEK6G7wC
TU5VfeMGdu7IsJk8D4iLR3JyMpNnalM0Go1V8hwT0xfBwcFO2X9YeDhiYy3HauYdO8qr0OTxZDKZ
JP+I7gYTaHKa8vJybLHx4IePjy+GD09BfHw8Gydqc4qLiyw++/j4Ii4+zql1IS4+zmooR3FxsdP2
T0RElphAk1OcOVOILZs3WY139g9QY+y4cQgLD2PyTG3S+fOWCXRoWJjT3x6oUCgQGmY5XrSoqEiy
W+BERK0dZ+Egh9l6OQoABAcHY/iIFL5qmNq0kitXLD6Hh4WLcjIZFhpqUQ+bHpeIiJyHCTQ5JCsr
Cxea3KIGGh8WTE5O5lVnavO0Wo3FZ7Ge7g8LD7/tcYmIyHmYQFOLnTlTaDN55stRiBpV37gh6fFr
aqr5lk/ySOXl5SgoyLf5Ai6xBQYGISEx0eXHJc/CBJparLq61mpZr9AwJs9Ev6uuqZH2+NU1TKDJ
I+Xn59scGugKly9fRnBwsNVdHSJzfIiQWiw4uJvVsgvFRdi2dQun0CICoA4IkPb4ammPT9RStTWu
v/Js7oYEV77JszCBphbr3r07hiYlWy0vKyvD1q1bUF5eLkGpiNyHup20V38DAtSSHp+ope6J7C3Z
sX18fBEe7vq3IJJn4RAOckhUVBQ6deqEjO3bLR5aqqmuRsb27RiSkICoqCgJS0gkLV9fhUXdKC4q
EuXWcFGR9XzTRJ4qKioKoaGhuH79usuPHRwczGGIdEdMoMlhQUFBmJyejp07dqC8/NZLVLRaDQ4e
yEZNTQ1fK0xtVrfgYIuHbYuKi12SQAc74TXhRFJSKpVOed09kRg4hIOcQqlUYvSYMYjsbX21Oe/Y
UWRlZUGj4bRa1PaENXnBSXFRkdOfEdBoNChukkCHhfHlRUREYmECTU6jVCqRnJyMwUMSrNZdKC7C
zh0ZkkxJRCSlpgm0VqvB8bzjTj1G3rFj1vNNh4oz3zQRETGBJhH069cPw4ePsBqDWVZWhs2bN+Py
5csSlYzI9RQKBeLiB1osKyj4CUXnzztl/0VFRSgoyLdYNiAuHkql0in7JyIia0ygSRRh4eEYN348
AgODLJZrtRrsyNiOwkJp5vckkkJsbCx8fS1faX/gwAGHZ6opLy/Hgez9Fst8fHwRGxvr0H6JiOj2
ZHX1GqPUhaDWq6GhAXv37MaVK1es1kX27o3k5IckKBWR6xUWFuLggWyLZb6+CiQlJbXoocKioiIc
yN4PrVZrsXxoUjJnvqFWobi4GGVl5TAaXZemKBS+CAsNlXwKSnJ/TKBJdEajEYdzD6Og4CerdZ06
dcKo0WN4u5nahNycXJv1IDa2L+Li46FQKGx8y5JGo8HxvDzk51vvJyamLxISE/jwIHm83Jwcq6FJ
rjTxkUkICgq684bUZjGBJpexdQUOaJxzc8zYcez0qU3Izs62+YpiX18FQsNCERYWbvXgIdB4Na6o
6DyKzhdZPTAINL54Ijk5mfWIWoUdGdslfV4mLn4gp1+l2+I80OQyzb105cqVK6ipqYZazVtm1Pol
JydD4auwuhKt1Wpw9swZnD1zxu598soztTaBgZ0kTaA5iw3dCa9Ak8s1NDRYvHSFV6CpLSosLERu
Tg5u3tTeeeNm+Pj4IiExEb1792b9oVZFo9GgqKgINTU1Lj92UGAQwvgqb7oDJtAkCaPRiPz8fNTW
1GJA3ACOgaY2qaGhASdPnkTesaN2f3dAXDxiY2NZd4iIJMAEmohIYg0NDb+PcS7ClcuXbV6V9vHx
RXD37ggLC0NoaCgTZyIiCTGBJiJyE+bTddXUVKO6ugZqdQACAtTCcg7VICKSHhNoIiIiIiI78E2E
RERERER2YAJNRERERGQHJtBERERERHZgAk1EREREZAcm0EREREREdmACTURERERkBybQRERERER2
YAJNRERERGQHJtBERERERHZgAk1EREREZAcm0EREREREdmACTURERERkBybQRERERER2YAJNRERE
RGQHJtBERERERHZgAk1EREREZAcm0EREREREdmACTURERERkBybQRERERER2YAJNRERERGQHJtBE
RERERHZgAk1EREREZIf/Dw6jUz4vMe/cAAAAAElFTkSuQmCC
" width="800px"&gt;</msg>
<doc>Takes a screenshot of the current page and embeds it into the log.</doc>
<status status="PASS" start="2025-05-17T16:07:51.711309" elapsed="0.931953"/>
</kw>
<msg time="2025-05-17T16:07:52.643414" level="INFO">xpath criteria: //android.widget.Button[@text="JHA-60"]</msg>
<msg time="2025-05-17T16:07:52.643587" level="FAIL">ValueError: Element locator 'xpath=//android.widget.Button[@text="JHA-60"]' did not match any elements.</msg>
<arg>${Available_Seat}</arg>
<doc>Verifies that element identified with locator is visible.</doc>
<status status="FAIL" start="2025-05-17T16:07:50.892499" elapsed="1.752158">ValueError: Element locator 'xpath=//android.widget.Button[@text="JHA-60"]' did not match any elements.</status>
</kw>
<msg time="2025-05-17T16:07:52.644787" level="INFO">${is_visible} = False</msg>
<var>${is_visible}</var>
<arg>Element Should Be Visible</arg>
<arg>${Available_Seat}</arg>
<doc>Runs the given keyword with given arguments and returns the status as a Boolean value.</doc>
<status status="PASS" start="2025-05-17T16:07:50.891830" elapsed="1.752986"/>
</kw>
<kw name="Exit For Loop If" owner="BuiltIn">
<arg>${is_visible}</arg>
<doc>Stops executing the enclosing FOR loop if the ``condition`` is true.</doc>
<status status="PASS" start="2025-05-17T16:07:52.645003" elapsed="0.000176"/>
</kw>
<kw name="Swipe" owner="AppiumLibrary">
<arg>500</arg>
<arg>1500</arg>
<arg>500</arg>
<arg>500</arg>
<doc>Swipe from one point to another point, for an optional duration.</doc>
<status status="PASS" start="2025-05-17T16:07:52.645279" elapsed="1.388307"/>
</kw>
<kw name="Sleep" owner="BuiltIn">
<msg time="2025-05-17T16:07:56.035182" level="INFO">Slept 2 seconds.</msg>
<arg>2s</arg>
<doc>Pauses the test executed for the given time.</doc>
<status status="PASS" start="2025-05-17T16:07:54.034195" elapsed="2.001165"/>
</kw>
<var name="${index}">1</var>
<status status="PASS" start="2025-05-17T16:07:50.891295" elapsed="5.144155"/>
</iter>
<iter>
<kw name="Run Keyword And Return Status" owner="BuiltIn">
<kw name="Element Should Be Visible" owner="AppiumLibrary">
<msg time="2025-05-17T16:07:56.681276" level="INFO">xpath criteria: //android.widget.Button[@text="JHA-60"]</msg>
<arg>${Available_Seat}</arg>
<doc>Verifies that element identified with locator is visible.</doc>
<status status="PASS" start="2025-05-17T16:07:56.036508" elapsed="0.644931"/>
</kw>
<msg time="2025-05-17T16:07:56.681659" level="INFO">${is_visible} = True</msg>
<var>${is_visible}</var>
<arg>Element Should Be Visible</arg>
<arg>${Available_Seat}</arg>
<doc>Runs the given keyword with given arguments and returns the status as a Boolean value.</doc>
<status status="PASS" start="2025-05-17T16:07:56.036117" elapsed="0.645591"/>
</kw>
<kw name="Exit For Loop If" owner="BuiltIn">
<msg time="2025-05-17T16:07:56.682148" level="INFO">Exiting for loop altogether.</msg>
<arg>${is_visible}</arg>
<doc>Stops executing the enclosing FOR loop if the ``condition`` is true.</doc>
<status status="PASS" start="2025-05-17T16:07:56.681935" elapsed="0.000312"/>
</kw>
<kw name="Swipe" owner="AppiumLibrary">
<arg>500</arg>
<arg>1500</arg>
<arg>500</arg>
<arg>500</arg>
<doc>Swipe from one point to another point, for an optional duration.</doc>
<status status="NOT RUN" start="2025-05-17T16:07:56.682426" elapsed="0.000043"/>
</kw>
<kw name="Sleep" owner="BuiltIn">
<arg>2s</arg>
<doc>Pauses the test executed for the given time.</doc>
<status status="NOT RUN" start="2025-05-17T16:07:56.682679" elapsed="0.000050"/>
</kw>
<var name="${index}">2</var>
<status status="PASS" start="2025-05-17T16:07:56.035805" elapsed="0.646999"/>
</iter>
<var>${index}</var>
<value>10</value>
<status status="PASS" start="2025-05-17T16:07:46.108186" elapsed="10.574694"/>
</for>
<kw name="Click Element" owner="AppiumLibrary">
<msg time="2025-05-17T16:07:56.685285" level="INFO">Clicking element 'xpath=//android.widget.Button[@text="JHA-60"]'.</msg>
<msg time="2025-05-17T16:07:57.375817" level="INFO">xpath criteria: //android.widget.Button[@text="JHA-60"]</msg>
<arg>${Available_Seat}</arg>
<doc>Click element identified by `locator`.</doc>
<status status="PASS" start="2025-05-17T16:07:56.683186" elapsed="0.692745"/>
</kw>
<status status="PASS" start="2025-05-17T16:07:46.107219" elapsed="11.268836"/>
</kw>
<kw name="Click on Continue Purchase" owner="Ticket_Purchase">
<kw name="Wait Until Element Is Visible" owner="AppiumLibrary">
<msg time="2025-05-17T16:07:58.219713" level="INFO">xpath criteria: //android.widget.Button[@text="CONTINUE PURCHASE"]</msg>
<arg>${Continue_Purchase}</arg>
<doc>Waits until element specified with `locator` is visible.</doc>
<status status="PASS" start="2025-05-17T16:07:57.377043" elapsed="0.843180"/>
</kw>
<kw name="Click Element" owner="AppiumLibrary">
<msg time="2025-05-17T16:07:58.223012" level="INFO">Clicking element 'xpath=//android.widget.Button[@text="CONTINUE PURCHASE"]'.</msg>
<msg time="2025-05-17T16:07:58.965804" level="INFO">xpath criteria: //android.widget.Button[@text="CONTINUE PURCHASE"]</msg>
<arg>${Continue_Purchase}</arg>
<doc>Click element identified by `locator`.</doc>
<status status="PASS" start="2025-05-17T16:07:58.220814" elapsed="0.745172"/>
</kw>
<status status="PASS" start="2025-05-17T16:07:57.376628" elapsed="1.589484"/>
</kw>
<kw name="Close app" owner="AppSetup">
<kw name="Close Application" owner="AppiumLibrary">
<doc>Closes the current application and also close webdriver session.</doc>
<status status="PASS" start="2025-05-17T16:07:58.967397" elapsed="0.711744"/>
</kw>
<status status="PASS" start="2025-05-17T16:07:58.967187" elapsed="0.712577"/>
</kw>
<tag>ticket3</tag>
<status status="PASS" start="2025-05-17T16:06:58.675294" elapsed="61.006056"/>
</test>
<doc>Onbording Module Test Case</doc>
<status status="PASS" start="2025-05-17T16:05:16.679867" elapsed="163.003971"/>
</suite>
<status status="PASS" start="2025-05-17T16:05:16.656297" elapsed="163.030084"/>
</suite>
<statistics>
<total>
<stat pass="3" fail="0" skip="0">All Tests</stat>
</total>
<tag>
<stat pass="1" fail="0" skip="0">ticket1</stat>
<stat pass="1" fail="0" skip="0">ticket2</stat>
<stat pass="1" fail="0" skip="0">ticket3</stat>
</tag>
<suite>
<stat name="Test Suites" id="s1" pass="3" fail="0" skip="0">Test Suites</stat>
<stat name="Ticket Purchase" id="s1-s1" pass="3" fail="0" skip="0">Test Suites.Ticket Purchase</stat>
</suite>
</statistics>
<errors>
</errors>
</robot>
